{"/Users/robertwilliamknaus/Desktop/Cornerstone MTSS/landing-auth.js": {"path":"/Users/robertwilliamknaus/Desktop/Cornerstone MTSS/landing-auth.js","statementMap":{"0":{"start":{"line":14,"column":0},"end":{"line":170,"column":5}},"1":{"start":{"line":17,"column":19},"end":{"line":17,"column":38}},"2":{"start":{"line":18,"column":11},"end":{"line":18,"column":13}},"3":{"start":{"line":23,"column":4},"end":{"line":23,"column":28}},"4":{"start":{"line":24,"column":4},"end":{"line":24,"column":69}},"5":{"start":{"line":25,"column":4},"end":{"line":25,"column":66}},"6":{"start":{"line":26,"column":4},"end":{"line":26,"column":68}},"7":{"start":{"line":27,"column":4},"end":{"line":27,"column":71}},"8":{"start":{"line":28,"column":4},"end":{"line":28,"column":63}},"9":{"start":{"line":29,"column":4},"end":{"line":29,"column":65}},"10":{"start":{"line":30,"column":4},"end":{"line":30,"column":67}},"11":{"start":{"line":31,"column":4},"end":{"line":31,"column":77}},"12":{"start":{"line":32,"column":4},"end":{"line":32,"column":73}},"13":{"start":{"line":33,"column":4},"end":{"line":33,"column":72}},"14":{"start":{"line":34,"column":4},"end":{"line":34,"column":79}},"15":{"start":{"line":40,"column":4},"end":{"line":44,"column":5}},"16":{"start":{"line":41,"column":6},"end":{"line":41,"column":61}},"17":{"start":{"line":42,"column":6},"end":{"line":42,"column":30}},"18":{"start":{"line":43,"column":6},"end":{"line":43,"column":13}},"19":{"start":{"line":46,"column":15},"end":{"line":46,"column":42}},"20":{"start":{"line":48,"column":4},"end":{"line":54,"column":5}},"21":{"start":{"line":49,"column":6},"end":{"line":49,"column":32}},"22":{"start":{"line":50,"column":6},"end":{"line":50,"column":27}},"23":{"start":{"line":52,"column":6},"end":{"line":52,"column":30}},"24":{"start":{"line":53,"column":6},"end":{"line":53,"column":28}},"25":{"start":{"line":58,"column":4},"end":{"line":58,"column":78}},"26":{"start":{"line":58,"column":32},"end":{"line":58,"column":78}},"27":{"start":{"line":59,"column":4},"end":{"line":59,"column":75}},"28":{"start":{"line":59,"column":30},"end":{"line":59,"column":75}},"29":{"start":{"line":61,"column":4},"end":{"line":61,"column":67}},"30":{"start":{"line":61,"column":21},"end":{"line":61,"column":67}},"31":{"start":{"line":62,"column":4},"end":{"line":62,"column":60}},"32":{"start":{"line":62,"column":22},"end":{"line":62,"column":60}},"33":{"start":{"line":63,"column":4},"end":{"line":66,"column":5}},"34":{"start":{"line":64,"column":6},"end":{"line":64,"column":39}},"35":{"start":{"line":65,"column":6},"end":{"line":65,"column":44}},"36":{"start":{"line":70,"column":4},"end":{"line":70,"column":79}},"37":{"start":{"line":70,"column":32},"end":{"line":70,"column":79}},"38":{"start":{"line":71,"column":4},"end":{"line":71,"column":74}},"39":{"start":{"line":71,"column":30},"end":{"line":71,"column":74}},"40":{"start":{"line":75,"column":4},"end":{"line":77,"column":5}},"41":{"start":{"line":76,"column":6},"end":{"line":76,"column":55}},"42":{"start":{"line":78,"column":4},"end":{"line":81,"column":7}},"43":{"start":{"line":79,"column":6},"end":{"line":79,"column":29}},"44":{"start":{"line":80,"column":6},"end":{"line":80,"column":38}},"45":{"start":{"line":86,"column":4},"end":{"line":88,"column":5}},"46":{"start":{"line":87,"column":6},"end":{"line":87,"column":54}},"47":{"start":{"line":89,"column":4},"end":{"line":92,"column":7}},"48":{"start":{"line":90,"column":6},"end":{"line":90,"column":31}},"49":{"start":{"line":91,"column":6},"end":{"line":91,"column":38}},"50":{"start":{"line":98,"column":4},"end":{"line":98,"column":28}},"51":{"start":{"line":98,"column":21},"end":{"line":98,"column":28}},"52":{"start":{"line":100,"column":4},"end":{"line":112,"column":9}},"53":{"start":{"line":102,"column":8},"end":{"line":102,"column":63}},"54":{"start":{"line":103,"column":8},"end":{"line":103,"column":31}},"55":{"start":{"line":110,"column":8},"end":{"line":110,"column":60}},"56":{"start":{"line":111,"column":8},"end":{"line":111,"column":51}},"57":{"start":{"line":116,"column":4},"end":{"line":116,"column":28}},"58":{"start":{"line":116,"column":21},"end":{"line":116,"column":28}},"59":{"start":{"line":118,"column":4},"end":{"line":118,"column":25}},"60":{"start":{"line":119,"column":4},"end":{"line":119,"column":44}},"61":{"start":{"line":120,"column":4},"end":{"line":120,"column":27}},"62":{"start":{"line":126,"column":4},"end":{"line":126,"column":20}},"63":{"start":{"line":128,"column":4},"end":{"line":131,"column":5}},"64":{"start":{"line":129,"column":6},"end":{"line":129,"column":65}},"65":{"start":{"line":130,"column":6},"end":{"line":130,"column":13}},"66":{"start":{"line":134,"column":4},"end":{"line":134,"column":22}},"67":{"start":{"line":137,"column":4},"end":{"line":139,"column":5}},"68":{"start":{"line":138,"column":6},"end":{"line":138,"column":59}},"69":{"start":{"line":140,"column":4},"end":{"line":142,"column":5}},"70":{"start":{"line":141,"column":6},"end":{"line":141,"column":61}},"71":{"start":{"line":145,"column":4},"end":{"line":145,"column":27}},"72":{"start":{"line":148,"column":4},"end":{"line":150,"column":7}},"73":{"start":{"line":149,"column":6},"end":{"line":149,"column":29}},"74":{"start":{"line":155,"column":2},"end":{"line":159,"column":3}},"75":{"start":{"line":156,"column":4},"end":{"line":156,"column":56}},"76":{"start":{"line":158,"column":4},"end":{"line":158,"column":11}},"77":{"start":{"line":162,"column":2},"end":{"line":169,"column":4}},"78":{"start":{"line":165,"column":6},"end":{"line":165,"column":55}}},"fnMap":{"0":{"name":"landingAuthInit","decl":{"start":{"line":14,"column":10},"end":{"line":14,"column":25}},"loc":{"start":{"line":14,"column":28},"end":{"line":170,"column":1}},"line":14},"1":{"name":"cacheElements","decl":{"start":{"line":22,"column":11},"end":{"line":22,"column":24}},"loc":{"start":{"line":22,"column":27},"end":{"line":35,"column":3}},"line":22},"2":{"name":"updateUIForAuthState","decl":{"start":{"line":39,"column":11},"end":{"line":39,"column":31}},"loc":{"start":{"line":39,"column":34},"end":{"line":55,"column":3}},"line":39},"3":{"name":"showAuthenticatedUI","decl":{"start":{"line":57,"column":11},"end":{"line":57,"column":30}},"loc":{"start":{"line":57,"column":37},"end":{"line":67,"column":3}},"line":57},"4":{"name":"showUnauthenticatedUI","decl":{"start":{"line":69,"column":11},"end":{"line":69,"column":32}},"loc":{"start":{"line":69,"column":35},"end":{"line":72,"column":3}},"line":69},"5":{"name":"enableDestinations","decl":{"start":{"line":74,"column":11},"end":{"line":74,"column":29}},"loc":{"start":{"line":74,"column":32},"end":{"line":82,"column":3}},"line":74},"6":{"name":"(anonymous_6)","decl":{"start":{"line":78,"column":36},"end":{"line":78,"column":37}},"loc":{"start":{"line":78,"column":50},"end":{"line":81,"column":5}},"line":78},"7":{"name":"disableDestinations","decl":{"start":{"line":84,"column":11},"end":{"line":84,"column":30}},"loc":{"start":{"line":84,"column":33},"end":{"line":93,"column":3}},"line":84},"8":{"name":"(anonymous_8)","decl":{"start":{"line":89,"column":36},"end":{"line":89,"column":37}},"loc":{"start":{"line":89,"column":50},"end":{"line":92,"column":5}},"line":89},"9":{"name":"handleSignIn","decl":{"start":{"line":97,"column":11},"end":{"line":97,"column":23}},"loc":{"start":{"line":97,"column":26},"end":{"line":113,"column":3}},"line":97},"10":{"name":"(anonymous_10)","decl":{"start":{"line":101,"column":12},"end":{"line":101,"column":13}},"loc":{"start":{"line":101,"column":28},"end":{"line":108,"column":7}},"line":101},"11":{"name":"(anonymous_11)","decl":{"start":{"line":109,"column":13},"end":{"line":109,"column":14}},"loc":{"start":{"line":109,"column":28},"end":{"line":112,"column":7}},"line":109},"12":{"name":"handleSignOut","decl":{"start":{"line":115,"column":11},"end":{"line":115,"column":24}},"loc":{"start":{"line":115,"column":27},"end":{"line":121,"column":3}},"line":115},"13":{"name":"init","decl":{"start":{"line":125,"column":11},"end":{"line":125,"column":15}},"loc":{"start":{"line":125,"column":18},"end":{"line":151,"column":3}},"line":125},"14":{"name":"(anonymous_14)","decl":{"start":{"line":148,"column":28},"end":{"line":148,"column":29}},"loc":{"start":{"line":148,"column":44},"end":{"line":150,"column":5}},"line":148},"15":{"name":"(anonymous_15)","decl":{"start":{"line":164,"column":20},"end":{"line":164,"column":21}},"loc":{"start":{"line":164,"column":32},"end":{"line":166,"column":5}},"line":164}},"branchMap":{"0":{"loc":{"start":{"line":40,"column":4},"end":{"line":44,"column":5}},"type":"if","locations":[{"start":{"line":40,"column":4},"end":{"line":44,"column":5}},{"start":{},"end":{}}],"line":40},"1":{"loc":{"start":{"line":48,"column":4},"end":{"line":54,"column":5}},"type":"if","locations":[{"start":{"line":48,"column":4},"end":{"line":54,"column":5}},{"start":{"line":51,"column":11},"end":{"line":54,"column":5}}],"line":48},"2":{"loc":{"start":{"line":48,"column":8},"end":{"line":48,"column":26}},"type":"binary-expr","locations":[{"start":{"line":48,"column":8},"end":{"line":48,"column":12}},{"start":{"line":48,"column":16},"end":{"line":48,"column":26}}],"line":48},"3":{"loc":{"start":{"line":58,"column":4},"end":{"line":58,"column":78}},"type":"if","locations":[{"start":{"line":58,"column":4},"end":{"line":58,"column":78}},{"start":{},"end":{}}],"line":58},"4":{"loc":{"start":{"line":59,"column":4},"end":{"line":59,"column":75}},"type":"if","locations":[{"start":{"line":59,"column":4},"end":{"line":59,"column":75}},{"start":{},"end":{}}],"line":59},"5":{"loc":{"start":{"line":61,"column":4},"end":{"line":61,"column":67}},"type":"if","locations":[{"start":{"line":61,"column":4},"end":{"line":61,"column":67}},{"start":{},"end":{}}],"line":61},"6":{"loc":{"start":{"line":61,"column":47},"end":{"line":61,"column":66}},"type":"binary-expr","locations":[{"start":{"line":61,"column":47},"end":{"line":61,"column":56}},{"start":{"line":61,"column":60},"end":{"line":61,"column":66}}],"line":61},"7":{"loc":{"start":{"line":62,"column":4},"end":{"line":62,"column":60}},"type":"if","locations":[{"start":{"line":62,"column":4},"end":{"line":62,"column":60}},{"start":{},"end":{}}],"line":62},"8":{"loc":{"start":{"line":63,"column":4},"end":{"line":66,"column":5}},"type":"if","locations":[{"start":{"line":63,"column":4},"end":{"line":66,"column":5}},{"start":{},"end":{}}],"line":63},"9":{"loc":{"start":{"line":63,"column":8},"end":{"line":63,"column":37}},"type":"binary-expr","locations":[{"start":{"line":63,"column":8},"end":{"line":63,"column":21}},{"start":{"line":63,"column":25},"end":{"line":63,"column":37}}],"line":63},"10":{"loc":{"start":{"line":70,"column":4},"end":{"line":70,"column":79}},"type":"if","locations":[{"start":{"line":70,"column":4},"end":{"line":70,"column":79}},{"start":{},"end":{}}],"line":70},"11":{"loc":{"start":{"line":71,"column":4},"end":{"line":71,"column":74}},"type":"if","locations":[{"start":{"line":71,"column":4},"end":{"line":71,"column":74}},{"start":{},"end":{}}],"line":71},"12":{"loc":{"start":{"line":75,"column":4},"end":{"line":77,"column":5}},"type":"if","locations":[{"start":{"line":75,"column":4},"end":{"line":77,"column":5}},{"start":{},"end":{}}],"line":75},"13":{"loc":{"start":{"line":78,"column":5},"end":{"line":78,"column":26}},"type":"binary-expr","locations":[{"start":{"line":78,"column":5},"end":{"line":78,"column":20}},{"start":{"line":78,"column":24},"end":{"line":78,"column":26}}],"line":78},"14":{"loc":{"start":{"line":86,"column":4},"end":{"line":88,"column":5}},"type":"if","locations":[{"start":{"line":86,"column":4},"end":{"line":88,"column":5}},{"start":{},"end":{}}],"line":86},"15":{"loc":{"start":{"line":89,"column":5},"end":{"line":89,"column":26}},"type":"binary-expr","locations":[{"start":{"line":89,"column":5},"end":{"line":89,"column":20}},{"start":{"line":89,"column":24},"end":{"line":89,"column":26}}],"line":89},"16":{"loc":{"start":{"line":98,"column":4},"end":{"line":98,"column":28}},"type":"if","locations":[{"start":{"line":98,"column":4},"end":{"line":98,"column":28}},{"start":{},"end":{}}],"line":98},"17":{"loc":{"start":{"line":116,"column":4},"end":{"line":116,"column":28}},"type":"if","locations":[{"start":{"line":116,"column":4},"end":{"line":116,"column":28}},{"start":{},"end":{}}],"line":116},"18":{"loc":{"start":{"line":128,"column":4},"end":{"line":131,"column":5}},"type":"if","locations":[{"start":{"line":128,"column":4},"end":{"line":131,"column":5}},{"start":{},"end":{}}],"line":128},"19":{"loc":{"start":{"line":137,"column":4},"end":{"line":139,"column":5}},"type":"if","locations":[{"start":{"line":137,"column":4},"end":{"line":139,"column":5}},{"start":{},"end":{}}],"line":137},"20":{"loc":{"start":{"line":140,"column":4},"end":{"line":142,"column":5}},"type":"if","locations":[{"start":{"line":140,"column":4},"end":{"line":142,"column":5}},{"start":{},"end":{}}],"line":140},"21":{"loc":{"start":{"line":155,"column":2},"end":{"line":159,"column":3}},"type":"if","locations":[{"start":{"line":155,"column":2},"end":{"line":159,"column":3}},{"start":{"line":157,"column":9},"end":{"line":159,"column":3}}],"line":155},"22":{"loc":{"start":{"line":165,"column":13},"end":{"line":165,"column":54}},"type":"binary-expr","locations":[{"start":{"line":165,"column":13},"end":{"line":165,"column":23}},{"start":{"line":165,"column":27},"end":{"line":165,"column":54}}],"line":165}},"s":{"0":0,"1":0,"2":0,"3":0,"4":0,"5":0,"6":0,"7":0,"8":0,"9":0,"10":0,"11":0,"12":0,"13":0,"14":0,"15":0,"16":0,"17":0,"18":0,"19":0,"20":0,"21":0,"22":0,"23":0,"24":0,"25":0,"26":0,"27":0,"28":0,"29":0,"30":0,"31":0,"32":0,"33":0,"34":0,"35":0,"36":0,"37":0,"38":0,"39":0,"40":0,"41":0,"42":0,"43":0,"44":0,"45":0,"46":0,"47":0,"48":0,"49":0,"50":0,"51":0,"52":0,"53":0,"54":0,"55":0,"56":0,"57":0,"58":0,"59":0,"60":0,"61":0,"62":0,"63":0,"64":0,"65":0,"66":0,"67":0,"68":0,"69":0,"70":0,"71":0,"72":0,"73":0,"74":0,"75":0,"76":0,"77":0,"78":0},"f":{"0":0,"1":0,"2":0,"3":0,"4":0,"5":0,"6":0,"7":0,"8":0,"9":0,"10":0,"11":0,"12":0,"13":0,"14":0,"15":0},"b":{"0":[0,0],"1":[0,0],"2":[0,0],"3":[0,0],"4":[0,0],"5":[0,0],"6":[0,0],"7":[0,0],"8":[0,0],"9":[0,0],"10":[0,0],"11":[0,0],"12":[0,0],"13":[0,0],"14":[0,0],"15":[0,0],"16":[0,0],"17":[0,0],"18":[0,0],"19":[0,0],"20":[0,0],"21":[0,0],"22":[0,0]}}
,"/Users/robertwilliamknaus/Desktop/Cornerstone MTSS/specialist-hub-badges.js": {"path":"/Users/robertwilliamknaus/Desktop/Cornerstone MTSS/specialist-hub-badges.js","statementMap":{"0":{"start":{"line":17,"column":18},"end":{"line":17,"column":32}},"1":{"start":{"line":18,"column":19},"end":{"line":18,"column":34}},"2":{"start":{"line":20,"column":2},"end":{"line":23,"column":3}},"3":{"start":{"line":21,"column":4},"end":{"line":21,"column":87}},"4":{"start":{"line":22,"column":4},"end":{"line":22,"column":16}},"5":{"start":{"line":27,"column":17},"end":{"line":27,"column":26}},"6":{"start":{"line":28,"column":23},"end":{"line":32,"column":3}},"7":{"start":{"line":35,"column":16},"end":{"line":35,"column":40}},"8":{"start":{"line":36,"column":17},"end":{"line":36,"column":58}},"9":{"start":{"line":37,"column":4},"end":{"line":37,"column":56}},"10":{"start":{"line":37,"column":34},"end":{"line":37,"column":56}},"11":{"start":{"line":38,"column":15},"end":{"line":38,"column":48}},"12":{"start":{"line":39,"column":4},"end":{"line":39,"column":47}},"13":{"start":{"line":39,"column":14},"end":{"line":39,"column":47}},"14":{"start":{"line":40,"column":4},"end":{"line":40,"column":16}},"15":{"start":{"line":44,"column":4},"end":{"line":44,"column":104}},"16":{"start":{"line":48,"column":16},"end":{"line":48,"column":37}},"17":{"start":{"line":49,"column":4},"end":{"line":49,"column":26}},"18":{"start":{"line":49,"column":16},"end":{"line":49,"column":26}},"19":{"start":{"line":50,"column":4},"end":{"line":50,"column":191}},"20":{"start":{"line":55,"column":19},"end":{"line":55,"column":50}},"21":{"start":{"line":56,"column":19},"end":{"line":56,"column":60}},"22":{"start":{"line":57,"column":19},"end":{"line":57,"column":59}},"23":{"start":{"line":60,"column":16},"end":{"line":60,"column":50}},"24":{"start":{"line":61,"column":17},"end":{"line":61,"column":58}},"25":{"start":{"line":62,"column":4},"end":{"line":62,"column":56}},"26":{"start":{"line":62,"column":34},"end":{"line":62,"column":56}},"27":{"start":{"line":63,"column":15},"end":{"line":63,"column":92}},"28":{"start":{"line":64,"column":4},"end":{"line":64,"column":47}},"29":{"start":{"line":64,"column":14},"end":{"line":64,"column":47}},"30":{"start":{"line":65,"column":4},"end":{"line":65,"column":16}},"31":{"start":{"line":69,"column":4},"end":{"line":70,"column":69}},"32":{"start":{"line":69,"column":15},"end":{"line":69,"column":86}},"33":{"start":{"line":70,"column":16},"end":{"line":70,"column":69}},"34":{"start":{"line":74,"column":16},"end":{"line":74,"column":46}},"35":{"start":{"line":75,"column":16},"end":{"line":75,"column":45}},"36":{"start":{"line":76,"column":16},"end":{"line":76,"column":48}},"37":{"start":{"line":77,"column":16},"end":{"line":77,"column":18}},"38":{"start":{"line":78,"column":4},"end":{"line":78,"column":251}},"39":{"start":{"line":78,"column":15},"end":{"line":78,"column":251}},"40":{"start":{"line":79,"column":4},"end":{"line":79,"column":248}},"41":{"start":{"line":79,"column":15},"end":{"line":79,"column":248}},"42":{"start":{"line":80,"column":4},"end":{"line":80,"column":249}},"43":{"start":{"line":80,"column":15},"end":{"line":80,"column":249}},"44":{"start":{"line":81,"column":4},"end":{"line":81,"column":198}},"45":{"start":{"line":82,"column":4},"end":{"line":82,"column":26}},"46":{"start":{"line":87,"column":18},"end":{"line":96,"column":3}},"47":{"start":{"line":99,"column":4},"end":{"line":99,"column":66}},"48":{"start":{"line":103,"column":4},"end":{"line":103,"column":54}},"49":{"start":{"line":107,"column":17},"end":{"line":107,"column":40}},"50":{"start":{"line":108,"column":15},"end":{"line":108,"column":93}},"51":{"start":{"line":109,"column":4},"end":{"line":114,"column":7}},"52":{"start":{"line":110,"column":6},"end":{"line":113,"column":7}},"53":{"start":{"line":111,"column":8},"end":{"line":112,"column":71}},"54":{"start":{"line":115,"column":22},"end":{"line":115,"column":77}},"55":{"start":{"line":116,"column":4},"end":{"line":116,"column":136}},"56":{"start":{"line":117,"column":4},"end":{"line":117,"column":21}},"57":{"start":{"line":118,"column":4},"end":{"line":118,"column":16}},"58":{"start":{"line":123,"column":2},"end":{"line":141,"column":4}},"59":{"start":{"line":145,"column":0},"end":{"line":147,"column":1}},"60":{"start":{"line":146,"column":2},"end":{"line":146,"column":75}}},"fnMap":{"0":{"name":"createSpecialistHubBadgesModule","decl":{"start":{"line":14,"column":9},"end":{"line":14,"column":40}},"loc":{"start":{"line":14,"column":47},"end":{"line":142,"column":1}},"line":14},"1":{"name":"getFpLevel","decl":{"start":{"line":34,"column":11},"end":{"line":34,"column":21}},"loc":{"start":{"line":34,"column":33},"end":{"line":41,"column":3}},"line":34},"2":{"name":"setFpLevel","decl":{"start":{"line":43,"column":11},"end":{"line":43,"column":21}},"loc":{"start":{"line":43,"column":40},"end":{"line":45,"column":3}},"line":43},"3":{"name":"renderFpBadge","decl":{"start":{"line":47,"column":11},"end":{"line":47,"column":24}},"loc":{"start":{"line":47,"column":36},"end":{"line":51,"column":3}},"line":47},"4":{"name":"getToolBadge","decl":{"start":{"line":59,"column":11},"end":{"line":59,"column":23}},"loc":{"start":{"line":59,"column":41},"end":{"line":66,"column":3}},"line":59},"5":{"name":"setToolBadge","decl":{"start":{"line":68,"column":11},"end":{"line":68,"column":23}},"loc":{"start":{"line":68,"column":48},"end":{"line":71,"column":3}},"line":68},"6":{"name":"renderToolBadges","decl":{"start":{"line":73,"column":11},"end":{"line":73,"column":27}},"loc":{"start":{"line":73,"column":39},"end":{"line":83,"column":3}},"line":73},"7":{"name":"getUdlActive","decl":{"start":{"line":98,"column":11},"end":{"line":98,"column":23}},"loc":{"start":{"line":98,"column":35},"end":{"line":100,"column":3}},"line":98},"8":{"name":"setUdlActive","decl":{"start":{"line":102,"column":11},"end":{"line":102,"column":23}},"loc":{"start":{"line":102,"column":40},"end":{"line":104,"column":3}},"line":102},"9":{"name":"renderUdlStrip","decl":{"start":{"line":106,"column":11},"end":{"line":106,"column":25}},"loc":{"start":{"line":106,"column":37},"end":{"line":119,"column":3}},"line":106},"10":{"name":"(anonymous_10)","decl":{"start":{"line":109,"column":22},"end":{"line":109,"column":23}},"loc":{"start":{"line":109,"column":35},"end":{"line":114,"column":5}},"line":109}},"branchMap":{"0":{"loc":{"start":{"line":20,"column":2},"end":{"line":23,"column":3}},"type":"if","locations":[{"start":{"line":20,"column":2},"end":{"line":23,"column":3}},{"start":{},"end":{}}],"line":20},"1":{"loc":{"start":{"line":20,"column":6},"end":{"line":20,"column":31}},"type":"binary-expr","locations":[{"start":{"line":20,"column":6},"end":{"line":20,"column":16}},{"start":{"line":20,"column":20},"end":{"line":20,"column":31}}],"line":20},"2":{"loc":{"start":{"line":37,"column":4},"end":{"line":37,"column":56}},"type":"if","locations":[{"start":{"line":37,"column":4},"end":{"line":37,"column":56}},{"start":{},"end":{}}],"line":37},"3":{"loc":{"start":{"line":37,"column":41},"end":{"line":37,"column":55}},"type":"binary-expr","locations":[{"start":{"line":37,"column":41},"end":{"line":37,"column":47}},{"start":{"line":37,"column":51},"end":{"line":37,"column":55}}],"line":37},"4":{"loc":{"start":{"line":38,"column":15},"end":{"line":38,"column":48}},"type":"binary-expr","locations":[{"start":{"line":38,"column":15},"end":{"line":38,"column":40}},{"start":{"line":38,"column":44},"end":{"line":38,"column":48}}],"line":38},"5":{"loc":{"start":{"line":39,"column":4},"end":{"line":39,"column":47}},"type":"if","locations":[{"start":{"line":39,"column":4},"end":{"line":39,"column":47}},{"start":{},"end":{}}],"line":39},"6":{"loc":{"start":{"line":44,"column":50},"end":{"line":44,"column":102}},"type":"cond-expr","locations":[{"start":{"line":44,"column":58},"end":{"line":44,"column":97}},{"start":{"line":44,"column":100},"end":{"line":44,"column":102}}],"line":44},"7":{"loc":{"start":{"line":49,"column":4},"end":{"line":49,"column":26}},"type":"if","locations":[{"start":{"line":49,"column":4},"end":{"line":49,"column":26}},{"start":{},"end":{}}],"line":49},"8":{"loc":{"start":{"line":62,"column":4},"end":{"line":62,"column":56}},"type":"if","locations":[{"start":{"line":62,"column":4},"end":{"line":62,"column":56}},{"start":{},"end":{}}],"line":62},"9":{"loc":{"start":{"line":62,"column":41},"end":{"line":62,"column":55}},"type":"binary-expr","locations":[{"start":{"line":62,"column":41},"end":{"line":62,"column":47}},{"start":{"line":62,"column":51},"end":{"line":62,"column":55}}],"line":62},"10":{"loc":{"start":{"line":63,"column":15},"end":{"line":63,"column":92}},"type":"binary-expr","locations":[{"start":{"line":63,"column":15},"end":{"line":63,"column":84}},{"start":{"line":63,"column":88},"end":{"line":63,"column":92}}],"line":63},"11":{"loc":{"start":{"line":63,"column":16},"end":{"line":63,"column":72}},"type":"cond-expr","locations":[{"start":{"line":63,"column":33},"end":{"line":63,"column":41}},{"start":{"line":63,"column":44},"end":{"line":63,"column":72}}],"line":63},"12":{"loc":{"start":{"line":63,"column":44},"end":{"line":63,"column":72}},"type":"cond-expr","locations":[{"start":{"line":63,"column":60},"end":{"line":63,"column":67}},{"start":{"line":63,"column":70},"end":{"line":63,"column":72}}],"line":63},"13":{"loc":{"start":{"line":64,"column":4},"end":{"line":64,"column":47}},"type":"if","locations":[{"start":{"line":64,"column":4},"end":{"line":64,"column":47}},{"start":{},"end":{}}],"line":64},"14":{"loc":{"start":{"line":69,"column":4},"end":{"line":70,"column":69}},"type":"if","locations":[{"start":{"line":69,"column":4},"end":{"line":70,"column":69}},{"start":{"line":70,"column":16},"end":{"line":70,"column":69}}],"line":69},"15":{"loc":{"start":{"line":78,"column":4},"end":{"line":78,"column":251}},"type":"if","locations":[{"start":{"line":78,"column":4},"end":{"line":78,"column":251}},{"start":{},"end":{}}],"line":78},"16":{"loc":{"start":{"line":79,"column":4},"end":{"line":79,"column":248}},"type":"if","locations":[{"start":{"line":79,"column":4},"end":{"line":79,"column":248}},{"start":{},"end":{}}],"line":79},"17":{"loc":{"start":{"line":80,"column":4},"end":{"line":80,"column":249}},"type":"if","locations":[{"start":{"line":80,"column":4},"end":{"line":80,"column":249}},{"start":{},"end":{}}],"line":80},"18":{"loc":{"start":{"line":99,"column":11},"end":{"line":99,"column":65}},"type":"binary-expr","locations":[{"start":{"line":99,"column":11},"end":{"line":99,"column":59}},{"start":{"line":99,"column":63},"end":{"line":99,"column":65}}],"line":99},"19":{"loc":{"start":{"line":110,"column":6},"end":{"line":113,"column":7}},"type":"if","locations":[{"start":{"line":110,"column":6},"end":{"line":113,"column":7}},{"start":{},"end":{}}],"line":110},"20":{"loc":{"start":{"line":115,"column":22},"end":{"line":115,"column":77}},"type":"cond-expr","locations":[{"start":{"line":115,"column":38},"end":{"line":115,"column":56}},{"start":{"line":115,"column":59},"end":{"line":115,"column":77}}],"line":115},"21":{"loc":{"start":{"line":145,"column":0},"end":{"line":147,"column":1}},"type":"if","locations":[{"start":{"line":145,"column":0},"end":{"line":147,"column":1}},{"start":{},"end":{}}],"line":145}},"s":{"0":0,"1":0,"2":0,"3":0,"4":0,"5":0,"6":0,"7":0,"8":0,"9":0,"10":0,"11":0,"12":0,"13":0,"14":0,"15":0,"16":0,"17":0,"18":0,"19":0,"20":0,"21":0,"22":0,"23":0,"24":0,"25":0,"26":0,"27":0,"28":0,"29":0,"30":0,"31":0,"32":0,"33":0,"34":0,"35":0,"36":0,"37":0,"38":0,"39":0,"40":0,"41":0,"42":0,"43":0,"44":0,"45":0,"46":0,"47":0,"48":0,"49":0,"50":0,"51":0,"52":0,"53":0,"54":0,"55":0,"56":0,"57":0,"58":0,"59":0,"60":0},"f":{"0":0,"1":0,"2":0,"3":0,"4":0,"5":0,"6":0,"7":0,"8":0,"9":0,"10":0},"b":{"0":[0,0],"1":[0,0],"2":[0,0],"3":[0,0],"4":[0,0],"5":[0,0],"6":[0,0],"7":[0,0],"8":[0,0],"9":[0,0],"10":[0,0],"11":[0,0],"12":[0,0],"13":[0,0],"14":[0,0],"15":[0,0],"16":[0,0],"17":[0,0],"18":[0,0],"19":[0,0],"20":[0,0],"21":[0,0]}}
,"/Users/robertwilliamknaus/Desktop/Cornerstone MTSS/specialist-hub-cost-dashboard.js": {"path":"/Users/robertwilliamknaus/Desktop/Cornerstone MTSS/specialist-hub-cost-dashboard.js","statementMap":{"0":{"start":{"line":19,"column":4},"end":{"line":19,"column":38}},"1":{"start":{"line":19,"column":31},"end":{"line":19,"column":38}},"2":{"start":{"line":21,"column":16},"end":{"line":21,"column":54}},"3":{"start":{"line":22,"column":20},"end":{"line":22,"column":65}},"4":{"start":{"line":23,"column":20},"end":{"line":23,"column":63}},"5":{"start":{"line":24,"column":18},"end":{"line":24,"column":59}},"6":{"start":{"line":25,"column":19},"end":{"line":25,"column":61}},"7":{"start":{"line":26,"column":17},"end":{"line":26,"column":66}},"8":{"start":{"line":27,"column":18},"end":{"line":27,"column":68}},"9":{"start":{"line":28,"column":20},"end":{"line":28,"column":63}},"10":{"start":{"line":30,"column":4},"end":{"line":30,"column":76}},"11":{"start":{"line":30,"column":19},"end":{"line":30,"column":76}},"12":{"start":{"line":31,"column":4},"end":{"line":31,"column":63}},"13":{"start":{"line":31,"column":17},"end":{"line":31,"column":63}},"14":{"start":{"line":32,"column":4},"end":{"line":32,"column":95}},"15":{"start":{"line":32,"column":18},"end":{"line":32,"column":95}},"16":{"start":{"line":33,"column":4},"end":{"line":33,"column":80}},"17":{"start":{"line":33,"column":16},"end":{"line":33,"column":80}},"18":{"start":{"line":34,"column":4},"end":{"line":34,"column":88}},"19":{"start":{"line":34,"column":17},"end":{"line":34,"column":88}},"20":{"start":{"line":37,"column":4},"end":{"line":43,"column":5}},"21":{"start":{"line":38,"column":6},"end":{"line":42,"column":7}},"22":{"start":{"line":39,"column":8},"end":{"line":39,"column":42}},"23":{"start":{"line":41,"column":8},"end":{"line":41,"column":45}},"24":{"start":{"line":47,"column":20},"end":{"line":47,"column":65}},"25":{"start":{"line":48,"column":19},"end":{"line":48,"column":70}},"26":{"start":{"line":50,"column":4},"end":{"line":50,"column":52}},"27":{"start":{"line":50,"column":45},"end":{"line":50,"column":52}},"28":{"start":{"line":53,"column":4},"end":{"line":53,"column":32}},"29":{"start":{"line":59,"column":4},"end":{"line":59,"column":24}},"30":{"start":{"line":62,"column":4},"end":{"line":66,"column":5}},"31":{"start":{"line":63,"column":6},"end":{"line":65,"column":9}},"32":{"start":{"line":64,"column":8},"end":{"line":64,"column":42}},"33":{"start":{"line":69,"column":4},"end":{"line":71,"column":7}},"34":{"start":{"line":70,"column":6},"end":{"line":70,"column":26}},"35":{"start":{"line":74,"column":2},"end":{"line":77,"column":4}},"36":{"start":{"line":81,"column":0},"end":{"line":83,"column":1}},"37":{"start":{"line":82,"column":2},"end":{"line":82,"column":89}}},"fnMap":{"0":{"name":"createSpecialistHubCostDashboardModule","decl":{"start":{"line":15,"column":9},"end":{"line":15,"column":47}},"loc":{"start":{"line":15,"column":50},"end":{"line":78,"column":1}},"line":15},"1":{"name":"updateCostDisplay","decl":{"start":{"line":18,"column":11},"end":{"line":18,"column":28}},"loc":{"start":{"line":18,"column":31},"end":{"line":44,"column":3}},"line":18},"2":{"name":"init","decl":{"start":{"line":46,"column":11},"end":{"line":46,"column":15}},"loc":{"start":{"line":46,"column":18},"end":{"line":72,"column":3}},"line":46},"3":{"name":"(anonymous_3)","decl":{"start":{"line":63,"column":41},"end":{"line":63,"column":42}},"loc":{"start":{"line":63,"column":53},"end":{"line":65,"column":7}},"line":63},"4":{"name":"(anonymous_4)","decl":{"start":{"line":69,"column":47},"end":{"line":69,"column":48}},"loc":{"start":{"line":69,"column":60},"end":{"line":71,"column":5}},"line":69}},"branchMap":{"0":{"loc":{"start":{"line":19,"column":4},"end":{"line":19,"column":38}},"type":"if","locations":[{"start":{"line":19,"column":4},"end":{"line":19,"column":38}},{"start":{},"end":{}}],"line":19},"1":{"loc":{"start":{"line":30,"column":4},"end":{"line":30,"column":76}},"type":"if","locations":[{"start":{"line":30,"column":4},"end":{"line":30,"column":76}},{"start":{},"end":{}}],"line":30},"2":{"loc":{"start":{"line":31,"column":4},"end":{"line":31,"column":63}},"type":"if","locations":[{"start":{"line":31,"column":4},"end":{"line":31,"column":63}},{"start":{},"end":{}}],"line":31},"3":{"loc":{"start":{"line":32,"column":4},"end":{"line":32,"column":95}},"type":"if","locations":[{"start":{"line":32,"column":4},"end":{"line":32,"column":95}},{"start":{},"end":{}}],"line":32},"4":{"loc":{"start":{"line":33,"column":4},"end":{"line":33,"column":80}},"type":"if","locations":[{"start":{"line":33,"column":4},"end":{"line":33,"column":80}},{"start":{},"end":{}}],"line":33},"5":{"loc":{"start":{"line":34,"column":4},"end":{"line":34,"column":88}},"type":"if","locations":[{"start":{"line":34,"column":4},"end":{"line":34,"column":88}},{"start":{},"end":{}}],"line":34},"6":{"loc":{"start":{"line":37,"column":4},"end":{"line":43,"column":5}},"type":"if","locations":[{"start":{"line":37,"column":4},"end":{"line":43,"column":5}},{"start":{},"end":{}}],"line":37},"7":{"loc":{"start":{"line":38,"column":6},"end":{"line":42,"column":7}},"type":"if","locations":[{"start":{"line":38,"column":6},"end":{"line":42,"column":7}},{"start":{"line":40,"column":13},"end":{"line":42,"column":7}}],"line":38},"8":{"loc":{"start":{"line":50,"column":4},"end":{"line":50,"column":52}},"type":"if","locations":[{"start":{"line":50,"column":4},"end":{"line":50,"column":52}},{"start":{},"end":{}}],"line":50},"9":{"loc":{"start":{"line":50,"column":8},"end":{"line":50,"column":43}},"type":"binary-expr","locations":[{"start":{"line":50,"column":8},"end":{"line":50,"column":18}},{"start":{"line":50,"column":22},"end":{"line":50,"column":43}}],"line":50},"10":{"loc":{"start":{"line":62,"column":4},"end":{"line":66,"column":5}},"type":"if","locations":[{"start":{"line":62,"column":4},"end":{"line":66,"column":5}},{"start":{},"end":{}}],"line":62},"11":{"loc":{"start":{"line":81,"column":0},"end":{"line":83,"column":1}},"type":"if","locations":[{"start":{"line":81,"column":0},"end":{"line":83,"column":1}},{"start":{},"end":{}}],"line":81}},"s":{"0":0,"1":0,"2":0,"3":0,"4":0,"5":0,"6":0,"7":0,"8":0,"9":0,"10":0,"11":0,"12":0,"13":0,"14":0,"15":0,"16":0,"17":0,"18":0,"19":0,"20":0,"21":0,"22":0,"23":0,"24":0,"25":0,"26":0,"27":0,"28":0,"29":0,"30":0,"31":0,"32":0,"33":0,"34":0,"35":0,"36":0,"37":0},"f":{"0":0,"1":0,"2":0,"3":0,"4":0},"b":{"0":[0,0],"1":[0,0],"2":[0,0],"3":[0,0],"4":[0,0],"5":[0,0],"6":[0,0],"7":[0,0],"8":[0,0],"9":[0,0],"10":[0,0],"11":[0,0]}}
,"/Users/robertwilliamknaus/Desktop/Cornerstone MTSS/specialist-hub-curriculum-data.js": {"path":"/Users/robertwilliamknaus/Desktop/Cornerstone MTSS/specialist-hub-curriculum-data.js","statementMap":{"0":{"start":{"line":21,"column":17},"end":{"line":700,"column":3}},"1":{"start":{"line":702,"column":2},"end":{"line":740,"column":4}},"2":{"start":{"line":704,"column":6},"end":{"line":704,"column":22}},"3":{"start":{"line":707,"column":6},"end":{"line":707,"column":44}},"4":{"start":{"line":710,"column":20},"end":{"line":710,"column":22}},"5":{"start":{"line":711,"column":6},"end":{"line":716,"column":9}},"6":{"start":{"line":712,"column":19},"end":{"line":712,"column":32}},"7":{"start":{"line":713,"column":8},"end":{"line":715,"column":9}},"8":{"start":{"line":714,"column":10},"end":{"line":714,"column":30}},"9":{"start":{"line":717,"column":6},"end":{"line":717,"column":21}},"10":{"start":{"line":720,"column":20},"end":{"line":720,"column":22}},"11":{"start":{"line":721,"column":6},"end":{"line":726,"column":9}},"12":{"start":{"line":722,"column":19},"end":{"line":722,"column":32}},"13":{"start":{"line":723,"column":8},"end":{"line":725,"column":9}},"14":{"start":{"line":724,"column":10},"end":{"line":724,"column":30}},"15":{"start":{"line":727,"column":6},"end":{"line":727,"column":21}},"16":{"start":{"line":730,"column":6},"end":{"line":738,"column":9}},"17":{"start":{"line":731,"column":8},"end":{"line":737,"column":10}},"18":{"start":{"line":744,"column":0},"end":{"line":747,"column":1}},"19":{"start":{"line":745,"column":2},"end":{"line":745,"column":61}},"20":{"start":{"line":746,"column":2},"end":{"line":746,"column":58}}},"fnMap":{"0":{"name":"createCurriculumRegistry","decl":{"start":{"line":18,"column":9},"end":{"line":18,"column":33}},"loc":{"start":{"line":18,"column":36},"end":{"line":741,"column":1}},"line":18},"1":{"name":"(anonymous_1)","decl":{"start":{"line":703,"column":17},"end":{"line":703,"column":18}},"loc":{"start":{"line":703,"column":29},"end":{"line":705,"column":5}},"line":703},"2":{"name":"(anonymous_2)","decl":{"start":{"line":706,"column":19},"end":{"line":706,"column":20}},"loc":{"start":{"line":706,"column":43},"end":{"line":708,"column":5}},"line":706},"3":{"name":"(anonymous_3)","decl":{"start":{"line":709,"column":16},"end":{"line":709,"column":17}},"loc":{"start":{"line":709,"column":33},"end":{"line":718,"column":5}},"line":709},"4":{"name":"(anonymous_4)","decl":{"start":{"line":711,"column":36},"end":{"line":711,"column":37}},"loc":{"start":{"line":711,"column":51},"end":{"line":716,"column":7}},"line":711},"5":{"name":"(anonymous_5)","decl":{"start":{"line":719,"column":15},"end":{"line":719,"column":16}},"loc":{"start":{"line":719,"column":31},"end":{"line":728,"column":5}},"line":719},"6":{"name":"(anonymous_6)","decl":{"start":{"line":721,"column":36},"end":{"line":721,"column":37}},"loc":{"start":{"line":721,"column":51},"end":{"line":726,"column":7}},"line":721},"7":{"name":"(anonymous_7)","decl":{"start":{"line":729,"column":19},"end":{"line":729,"column":20}},"loc":{"start":{"line":729,"column":31},"end":{"line":739,"column":5}},"line":729},"8":{"name":"(anonymous_8)","decl":{"start":{"line":730,"column":39},"end":{"line":730,"column":40}},"loc":{"start":{"line":730,"column":54},"end":{"line":738,"column":7}},"line":730}},"branchMap":{"0":{"loc":{"start":{"line":707,"column":13},"end":{"line":707,"column":43}},"type":"binary-expr","locations":[{"start":{"line":707,"column":13},"end":{"line":707,"column":35}},{"start":{"line":707,"column":39},"end":{"line":707,"column":43}}],"line":707},"1":{"loc":{"start":{"line":713,"column":8},"end":{"line":715,"column":9}},"type":"if","locations":[{"start":{"line":713,"column":8},"end":{"line":715,"column":9}},{"start":{},"end":{}}],"line":713},"2":{"loc":{"start":{"line":713,"column":12},"end":{"line":713,"column":90}},"type":"binary-expr","locations":[{"start":{"line":713,"column":12},"end":{"line":713,"column":23}},{"start":{"line":713,"column":27},"end":{"line":713,"column":53}},{"start":{"line":713,"column":57},"end":{"line":713,"column":90}}],"line":713},"3":{"loc":{"start":{"line":723,"column":8},"end":{"line":725,"column":9}},"type":"if","locations":[{"start":{"line":723,"column":8},"end":{"line":725,"column":9}},{"start":{},"end":{}}],"line":723},"4":{"loc":{"start":{"line":723,"column":12},"end":{"line":723,"column":76}},"type":"binary-expr","locations":[{"start":{"line":723,"column":12},"end":{"line":723,"column":30}},{"start":{"line":723,"column":35},"end":{"line":723,"column":61}},{"start":{"line":723,"column":65},"end":{"line":723,"column":75}}],"line":723},"5":{"loc":{"start":{"line":735,"column":18},"end":{"line":735,"column":44}},"type":"binary-expr","locations":[{"start":{"line":735,"column":18},"end":{"line":735,"column":38}},{"start":{"line":735,"column":42},"end":{"line":735,"column":44}}],"line":735},"6":{"loc":{"start":{"line":736,"column":16},"end":{"line":736,"column":50}},"type":"binary-expr","locations":[{"start":{"line":736,"column":16},"end":{"line":736,"column":34}},{"start":{"line":736,"column":38},"end":{"line":736,"column":50}}],"line":736},"7":{"loc":{"start":{"line":744,"column":0},"end":{"line":747,"column":1}},"type":"if","locations":[{"start":{"line":744,"column":0},"end":{"line":747,"column":1}},{"start":{},"end":{}}],"line":744}},"s":{"0":0,"1":0,"2":0,"3":0,"4":0,"5":0,"6":0,"7":0,"8":0,"9":0,"10":0,"11":0,"12":0,"13":0,"14":0,"15":0,"16":0,"17":0,"18":0,"19":0,"20":0},"f":{"0":0,"1":0,"2":0,"3":0,"4":0,"5":0,"6":0,"7":0,"8":0},"b":{"0":[0,0],"1":[0,0],"2":[0,0,0],"3":[0,0],"4":[0,0,0],"5":[0,0],"6":[0,0],"7":[0,0]}}
,"/Users/robertwilliamknaus/Desktop/Cornerstone MTSS/specialist-hub-curriculum.js": {"path":"/Users/robertwilliamknaus/Desktop/Cornerstone MTSS/specialist-hub-curriculum.js","statementMap":{"0":{"start":{"line":18,"column":19},"end":{"line":18,"column":34}},"1":{"start":{"line":20,"column":2},"end":{"line":23,"column":3}},"2":{"start":{"line":21,"column":4},"end":{"line":21,"column":100}},"3":{"start":{"line":22,"column":4},"end":{"line":22,"column":16}},"4":{"start":{"line":27,"column":24},"end":{"line":27,"column":52}},"5":{"start":{"line":28,"column":18},"end":{"line":28,"column":40}},"6":{"start":{"line":29,"column":20},"end":{"line":29,"column":44}},"7":{"start":{"line":30,"column":19},"end":{"line":30,"column":22}},"8":{"start":{"line":31,"column":18},"end":{"line":31,"column":65}},"9":{"start":{"line":32,"column":16},"end":{"line":32,"column":45}},"10":{"start":{"line":37,"column":4},"end":{"line":37,"column":50}},"11":{"start":{"line":41,"column":4},"end":{"line":43,"column":11}},"12":{"start":{"line":47,"column":4},"end":{"line":49,"column":5}},"13":{"start":{"line":48,"column":6},"end":{"line":48,"column":63}},"14":{"start":{"line":54,"column":20},"end":{"line":63,"column":3}},"15":{"start":{"line":66,"column":17},"end":{"line":66,"column":53}},"16":{"start":{"line":67,"column":4},"end":{"line":70,"column":5}},"17":{"start":{"line":67,"column":17},"end":{"line":67,"column":18}},"18":{"start":{"line":68,"column":18},"end":{"line":68,"column":32}},"19":{"start":{"line":69,"column":6},"end":{"line":69,"column":69}},"20":{"start":{"line":69,"column":56},"end":{"line":69,"column":69}},"21":{"start":{"line":71,"column":4},"end":{"line":71,"column":47}},"22":{"start":{"line":77,"column":4},"end":{"line":77,"column":77}},"23":{"start":{"line":81,"column":4},"end":{"line":81,"column":129}},"24":{"start":{"line":87,"column":18},"end":{"line":87,"column":43}},"25":{"start":{"line":88,"column":4},"end":{"line":88,"column":71}},"26":{"start":{"line":88,"column":61},"end":{"line":88,"column":71}},"27":{"start":{"line":90,"column":16},"end":{"line":90,"column":85}},"28":{"start":{"line":91,"column":19},"end":{"line":91,"column":87}},"29":{"start":{"line":92,"column":19},"end":{"line":92,"column":41}},"30":{"start":{"line":93,"column":19},"end":{"line":93,"column":78}},"31":{"start":{"line":94,"column":20},"end":{"line":94,"column":76}},"32":{"start":{"line":95,"column":20},"end":{"line":95,"column":66}},"33":{"start":{"line":96,"column":20},"end":{"line":96,"column":94}},"34":{"start":{"line":98,"column":21},"end":{"line":98,"column":32}},"35":{"start":{"line":99,"column":21},"end":{"line":99,"column":55}},"36":{"start":{"line":100,"column":21},"end":{"line":100,"column":32}},"37":{"start":{"line":101,"column":21},"end":{"line":101,"column":47}},"38":{"start":{"line":103,"column":4},"end":{"line":129,"column":17}},"39":{"start":{"line":135,"column":16},"end":{"line":135,"column":37}},"40":{"start":{"line":136,"column":4},"end":{"line":136,"column":73}},"41":{"start":{"line":136,"column":63},"end":{"line":136,"column":73}},"42":{"start":{"line":138,"column":18},"end":{"line":138,"column":91}},"43":{"start":{"line":139,"column":18},"end":{"line":139,"column":86}},"44":{"start":{"line":140,"column":18},"end":{"line":140,"column":41}},"45":{"start":{"line":141,"column":18},"end":{"line":141,"column":35}},"46":{"start":{"line":142,"column":20},"end":{"line":142,"column":83}},"47":{"start":{"line":143,"column":18},"end":{"line":143,"column":42}},"48":{"start":{"line":144,"column":18},"end":{"line":144,"column":46}},"49":{"start":{"line":146,"column":20},"end":{"line":146,"column":30}},"50":{"start":{"line":147,"column":20},"end":{"line":147,"column":55}},"51":{"start":{"line":148,"column":20},"end":{"line":148,"column":33}},"52":{"start":{"line":149,"column":20},"end":{"line":149,"column":50}},"53":{"start":{"line":150,"column":21},"end":{"line":151,"column":62}},"54":{"start":{"line":153,"column":4},"end":{"line":179,"column":17}},"55":{"start":{"line":185,"column":18},"end":{"line":185,"column":71}},"56":{"start":{"line":186,"column":18},"end":{"line":186,"column":71}},"57":{"start":{"line":187,"column":18},"end":{"line":187,"column":45}},"58":{"start":{"line":188,"column":19},"end":{"line":188,"column":66}},"59":{"start":{"line":189,"column":18},"end":{"line":189,"column":29}},"60":{"start":{"line":190,"column":18},"end":{"line":190,"column":38}},"61":{"start":{"line":192,"column":4},"end":{"line":214,"column":17}},"62":{"start":{"line":220,"column":18},"end":{"line":220,"column":37}},"63":{"start":{"line":221,"column":4},"end":{"line":221,"column":71}},"64":{"start":{"line":221,"column":61},"end":{"line":221,"column":71}},"65":{"start":{"line":223,"column":16},"end":{"line":223,"column":94}},"66":{"start":{"line":224,"column":18},"end":{"line":224,"column":85}},"67":{"start":{"line":225,"column":15},"end":{"line":225,"column":37}},"68":{"start":{"line":226,"column":18},"end":{"line":226,"column":77}},"69":{"start":{"line":227,"column":20},"end":{"line":227,"column":66}},"70":{"start":{"line":228,"column":18},"end":{"line":228,"column":107}},"71":{"start":{"line":229,"column":20},"end":{"line":229,"column":101}},"72":{"start":{"line":231,"column":21},"end":{"line":231,"column":32}},"73":{"start":{"line":232,"column":21},"end":{"line":232,"column":55}},"74":{"start":{"line":233,"column":20},"end":{"line":233,"column":31}},"75":{"start":{"line":234,"column":20},"end":{"line":234,"column":46}},"76":{"start":{"line":236,"column":4},"end":{"line":262,"column":17}},"77":{"start":{"line":267,"column":2},"end":{"line":275,"column":4}},"78":{"start":{"line":279,"column":0},"end":{"line":281,"column":1}},"79":{"start":{"line":280,"column":2},"end":{"line":280,"column":83}}},"fnMap":{"0":{"name":"createSpecialistHubCurriculumModule","decl":{"start":{"line":15,"column":9},"end":{"line":15,"column":44}},"loc":{"start":{"line":15,"column":51},"end":{"line":276,"column":1}},"line":15},"1":{"name":"lsNavKey","decl":{"start":{"line":36,"column":11},"end":{"line":36,"column":19}},"loc":{"start":{"line":36,"column":35},"end":{"line":38,"column":3}},"line":36},"2":{"name":"getLessonNavState","decl":{"start":{"line":40,"column":11},"end":{"line":40,"column":28}},"loc":{"start":{"line":40,"column":44},"end":{"line":44,"column":3}},"line":40},"3":{"name":"setLessonNavState","decl":{"start":{"line":46,"column":11},"end":{"line":46,"column":28}},"loc":{"start":{"line":46,"column":51},"end":{"line":50,"column":3}},"line":46},"4":{"name":"ufliGroupForLesson","decl":{"start":{"line":65,"column":11},"end":{"line":65,"column":29}},"loc":{"start":{"line":65,"column":33},"end":{"line":72,"column":3}},"line":65},"5":{"name":"buildFishtankLessonUrl","decl":{"start":{"line":76,"column":11},"end":{"line":76,"column":33}},"loc":{"start":{"line":76,"column":64},"end":{"line":78,"column":3}},"line":76},"6":{"name":"buildIMUrl","decl":{"start":{"line":80,"column":11},"end":{"line":80,"column":21}},"loc":{"start":{"line":80,"column":49},"end":{"line":82,"column":3}},"line":80},"7":{"name":"renderFishtankNav","decl":{"start":{"line":86,"column":11},"end":{"line":86,"column":28}},"loc":{"start":{"line":86,"column":39},"end":{"line":130,"column":3}},"line":86},"8":{"name":"renderISWSNav","decl":{"start":{"line":134,"column":11},"end":{"line":134,"column":24}},"loc":{"start":{"line":134,"column":35},"end":{"line":180,"column":3}},"line":134},"9":{"name":"renderUFLINav","decl":{"start":{"line":184,"column":11},"end":{"line":184,"column":24}},"loc":{"start":{"line":184,"column":35},"end":{"line":215,"column":3}},"line":184},"10":{"name":"renderIMNav","decl":{"start":{"line":219,"column":11},"end":{"line":219,"column":22}},"loc":{"start":{"line":219,"column":33},"end":{"line":263,"column":3}},"line":219}},"branchMap":{"0":{"loc":{"start":{"line":20,"column":2},"end":{"line":23,"column":3}},"type":"if","locations":[{"start":{"line":20,"column":2},"end":{"line":23,"column":3}},{"start":{},"end":{}}],"line":20},"1":{"loc":{"start":{"line":27,"column":24},"end":{"line":27,"column":52}},"type":"binary-expr","locations":[{"start":{"line":27,"column":24},"end":{"line":27,"column":46}},{"start":{"line":27,"column":50},"end":{"line":27,"column":52}}],"line":27},"2":{"loc":{"start":{"line":28,"column":18},"end":{"line":28,"column":40}},"type":"binary-expr","locations":[{"start":{"line":28,"column":18},"end":{"line":28,"column":34}},{"start":{"line":28,"column":38},"end":{"line":28,"column":40}}],"line":28},"3":{"loc":{"start":{"line":29,"column":20},"end":{"line":29,"column":44}},"type":"binary-expr","locations":[{"start":{"line":29,"column":20},"end":{"line":29,"column":38}},{"start":{"line":29,"column":42},"end":{"line":29,"column":44}}],"line":29},"4":{"loc":{"start":{"line":41,"column":11},"end":{"line":43,"column":10}},"type":"cond-expr","locations":[{"start":{"line":42,"column":8},"end":{"line":42,"column":61}},{"start":{"line":43,"column":8},"end":{"line":43,"column":10}}],"line":41},"5":{"loc":{"start":{"line":41,"column":11},"end":{"line":41,"column":77}},"type":"binary-expr","locations":[{"start":{"line":41,"column":11},"end":{"line":41,"column":27}},{"start":{"line":41,"column":31},"end":{"line":41,"column":77}}],"line":41},"6":{"loc":{"start":{"line":47,"column":4},"end":{"line":49,"column":5}},"type":"if","locations":[{"start":{"line":47,"column":4},"end":{"line":49,"column":5}},{"start":{},"end":{}}],"line":47},"7":{"loc":{"start":{"line":47,"column":8},"end":{"line":47,"column":74}},"type":"binary-expr","locations":[{"start":{"line":47,"column":8},"end":{"line":47,"column":24}},{"start":{"line":47,"column":28},"end":{"line":47,"column":74}}],"line":47},"8":{"loc":{"start":{"line":69,"column":6},"end":{"line":69,"column":69}},"type":"if","locations":[{"start":{"line":69,"column":6},"end":{"line":69,"column":69}},{"start":{},"end":{}}],"line":69},"9":{"loc":{"start":{"line":69,"column":10},"end":{"line":69,"column":54}},"type":"binary-expr","locations":[{"start":{"line":69,"column":10},"end":{"line":69,"column":31}},{"start":{"line":69,"column":35},"end":{"line":69,"column":54}}],"line":69},"10":{"loc":{"start":{"line":88,"column":4},"end":{"line":88,"column":71}},"type":"if","locations":[{"start":{"line":88,"column":4},"end":{"line":88,"column":71}},{"start":{},"end":{}}],"line":88},"11":{"loc":{"start":{"line":88,"column":8},"end":{"line":88,"column":59}},"type":"binary-expr","locations":[{"start":{"line":88,"column":8},"end":{"line":88,"column":16}},{"start":{"line":88,"column":20},"end":{"line":88,"column":34}},{"start":{"line":88,"column":38},"end":{"line":88,"column":59}}],"line":88},"12":{"loc":{"start":{"line":90,"column":16},"end":{"line":90,"column":85}},"type":"binary-expr","locations":[{"start":{"line":90,"column":16},"end":{"line":90,"column":55}},{"start":{"line":90,"column":59},"end":{"line":90,"column":85}}],"line":90},"13":{"loc":{"start":{"line":91,"column":40},"end":{"line":91,"column":59}},"type":"binary-expr","locations":[{"start":{"line":91,"column":40},"end":{"line":91,"column":53}},{"start":{"line":91,"column":58},"end":{"line":91,"column":59}}],"line":91},"14":{"loc":{"start":{"line":93,"column":40},"end":{"line":93,"column":58}},"type":"binary-expr","locations":[{"start":{"line":93,"column":40},"end":{"line":93,"column":53}},{"start":{"line":93,"column":57},"end":{"line":93,"column":58}}],"line":93},"15":{"loc":{"start":{"line":96,"column":20},"end":{"line":96,"column":94}},"type":"cond-expr","locations":[{"start":{"line":96,"column":68},"end":{"line":96,"column":89}},{"start":{"line":96,"column":92},"end":{"line":96,"column":94}}],"line":96},"16":{"loc":{"start":{"line":96,"column":20},"end":{"line":96,"column":65}},"type":"binary-expr","locations":[{"start":{"line":96,"column":20},"end":{"line":96,"column":33}},{"start":{"line":96,"column":37},"end":{"line":96,"column":65}}],"line":96},"17":{"loc":{"start":{"line":109,"column":97},"end":{"line":109,"column":126}},"type":"cond-expr","locations":[{"start":{"line":109,"column":110},"end":{"line":109,"column":112}},{"start":{"line":109,"column":115},"end":{"line":109,"column":126}}],"line":109},"18":{"loc":{"start":{"line":111,"column":92},"end":{"line":111,"column":121}},"type":"cond-expr","locations":[{"start":{"line":111,"column":105},"end":{"line":111,"column":107}},{"start":{"line":111,"column":110},"end":{"line":111,"column":121}}],"line":111},"19":{"loc":{"start":{"line":115,"column":87},"end":{"line":115,"column":115}},"type":"cond-expr","locations":[{"start":{"line":115,"column":99},"end":{"line":115,"column":101}},{"start":{"line":115,"column":104},"end":{"line":115,"column":115}}],"line":115},"20":{"loc":{"start":{"line":122,"column":82},"end":{"line":122,"column":110}},"type":"cond-expr","locations":[{"start":{"line":122,"column":94},"end":{"line":122,"column":96}},{"start":{"line":122,"column":99},"end":{"line":122,"column":110}}],"line":122},"21":{"loc":{"start":{"line":136,"column":4},"end":{"line":136,"column":73}},"type":"if","locations":[{"start":{"line":136,"column":4},"end":{"line":136,"column":73}},{"start":{},"end":{}}],"line":136},"22":{"loc":{"start":{"line":136,"column":8},"end":{"line":136,"column":61}},"type":"binary-expr","locations":[{"start":{"line":136,"column":8},"end":{"line":136,"column":14}},{"start":{"line":136,"column":18},"end":{"line":136,"column":34}},{"start":{"line":136,"column":38},"end":{"line":136,"column":61}}],"line":136},"23":{"loc":{"start":{"line":138,"column":18},"end":{"line":138,"column":91}},"type":"binary-expr","locations":[{"start":{"line":138,"column":18},"end":{"line":138,"column":60}},{"start":{"line":138,"column":64},"end":{"line":138,"column":91}}],"line":138},"24":{"loc":{"start":{"line":139,"column":39},"end":{"line":139,"column":56}},"type":"binary-expr","locations":[{"start":{"line":139,"column":39},"end":{"line":139,"column":51}},{"start":{"line":139,"column":55},"end":{"line":139,"column":56}}],"line":139},"25":{"loc":{"start":{"line":141,"column":18},"end":{"line":141,"column":35}},"type":"binary-expr","locations":[{"start":{"line":141,"column":18},"end":{"line":141,"column":29}},{"start":{"line":141,"column":33},"end":{"line":141,"column":35}}],"line":141},"26":{"loc":{"start":{"line":142,"column":41},"end":{"line":142,"column":61}},"type":"binary-expr","locations":[{"start":{"line":142,"column":41},"end":{"line":142,"column":56}},{"start":{"line":142,"column":60},"end":{"line":142,"column":61}}],"line":142},"27":{"loc":{"start":{"line":143,"column":18},"end":{"line":143,"column":42}},"type":"binary-expr","locations":[{"start":{"line":143,"column":18},"end":{"line":143,"column":36}},{"start":{"line":143,"column":40},"end":{"line":143,"column":42}}],"line":143},"28":{"loc":{"start":{"line":144,"column":18},"end":{"line":144,"column":46}},"type":"binary-expr","locations":[{"start":{"line":144,"column":18},"end":{"line":144,"column":31}},{"start":{"line":144,"column":35},"end":{"line":144,"column":46}}],"line":144},"29":{"loc":{"start":{"line":150,"column":21},"end":{"line":151,"column":62}},"type":"cond-expr","locations":[{"start":{"line":151,"column":8},"end":{"line":151,"column":39}},{"start":{"line":151,"column":43},"end":{"line":151,"column":61}}],"line":150},"30":{"loc":{"start":{"line":150,"column":21},"end":{"line":150,"column":61}},"type":"binary-expr","locations":[{"start":{"line":150,"column":21},"end":{"line":150,"column":33}},{"start":{"line":150,"column":37},"end":{"line":150,"column":61}}],"line":150},"31":{"loc":{"start":{"line":151,"column":43},"end":{"line":151,"column":61}},"type":"binary-expr","locations":[{"start":{"line":151,"column":43},"end":{"line":151,"column":55}},{"start":{"line":151,"column":59},"end":{"line":151,"column":61}}],"line":151},"32":{"loc":{"start":{"line":159,"column":100},"end":{"line":159,"column":128}},"type":"cond-expr","locations":[{"start":{"line":159,"column":112},"end":{"line":159,"column":114}},{"start":{"line":159,"column":117},"end":{"line":159,"column":128}}],"line":159},"33":{"loc":{"start":{"line":161,"column":95},"end":{"line":161,"column":123}},"type":"cond-expr","locations":[{"start":{"line":161,"column":107},"end":{"line":161,"column":109}},{"start":{"line":161,"column":112},"end":{"line":161,"column":123}}],"line":161},"34":{"loc":{"start":{"line":165,"column":87},"end":{"line":165,"column":115}},"type":"cond-expr","locations":[{"start":{"line":165,"column":99},"end":{"line":165,"column":101}},{"start":{"line":165,"column":104},"end":{"line":165,"column":115}}],"line":165},"35":{"loc":{"start":{"line":168,"column":18},"end":{"line":170,"column":88}},"type":"cond-expr","locations":[{"start":{"line":169,"column":12},"end":{"line":169,"column":145}},{"start":{"line":170,"column":12},"end":{"line":170,"column":88}}],"line":168},"36":{"loc":{"start":{"line":172,"column":82},"end":{"line":172,"column":110}},"type":"cond-expr","locations":[{"start":{"line":172,"column":94},"end":{"line":172,"column":96}},{"start":{"line":172,"column":99},"end":{"line":172,"column":110}}],"line":172},"37":{"loc":{"start":{"line":185,"column":18},"end":{"line":185,"column":71}},"type":"binary-expr","locations":[{"start":{"line":185,"column":18},"end":{"line":185,"column":53}},{"start":{"line":185,"column":57},"end":{"line":185,"column":71}}],"line":185},"38":{"loc":{"start":{"line":186,"column":39},"end":{"line":186,"column":57}},"type":"binary-expr","locations":[{"start":{"line":186,"column":39},"end":{"line":186,"column":52}},{"start":{"line":186,"column":56},"end":{"line":186,"column":57}}],"line":186},"39":{"loc":{"start":{"line":202,"column":87},"end":{"line":202,"column":112}},"type":"cond-expr","locations":[{"start":{"line":202,"column":96},"end":{"line":202,"column":98}},{"start":{"line":202,"column":101},"end":{"line":202,"column":112}}],"line":202},"40":{"loc":{"start":{"line":207,"column":82},"end":{"line":207,"column":107}},"type":"cond-expr","locations":[{"start":{"line":207,"column":91},"end":{"line":207,"column":93}},{"start":{"line":207,"column":96},"end":{"line":207,"column":107}}],"line":207},"41":{"loc":{"start":{"line":221,"column":4},"end":{"line":221,"column":71}},"type":"if","locations":[{"start":{"line":221,"column":4},"end":{"line":221,"column":71}},{"start":{},"end":{}}],"line":221},"42":{"loc":{"start":{"line":221,"column":8},"end":{"line":221,"column":59}},"type":"binary-expr","locations":[{"start":{"line":221,"column":8},"end":{"line":221,"column":16}},{"start":{"line":221,"column":20},"end":{"line":221,"column":34}},{"start":{"line":221,"column":38},"end":{"line":221,"column":59}}],"line":221},"43":{"loc":{"start":{"line":223,"column":16},"end":{"line":223,"column":94}},"type":"binary-expr","locations":[{"start":{"line":223,"column":16},"end":{"line":223,"column":64}},{"start":{"line":223,"column":68},"end":{"line":223,"column":94}}],"line":223},"44":{"loc":{"start":{"line":224,"column":39},"end":{"line":224,"column":57}},"type":"binary-expr","locations":[{"start":{"line":224,"column":39},"end":{"line":224,"column":52}},{"start":{"line":224,"column":56},"end":{"line":224,"column":57}}],"line":224},"45":{"loc":{"start":{"line":226,"column":39},"end":{"line":226,"column":57}},"type":"binary-expr","locations":[{"start":{"line":226,"column":39},"end":{"line":226,"column":52}},{"start":{"line":226,"column":56},"end":{"line":226,"column":57}}],"line":226},"46":{"loc":{"start":{"line":229,"column":20},"end":{"line":229,"column":101}},"type":"cond-expr","locations":[{"start":{"line":229,"column":59},"end":{"line":229,"column":88}},{"start":{"line":229,"column":91},"end":{"line":229,"column":101}}],"line":229},"47":{"loc":{"start":{"line":229,"column":20},"end":{"line":229,"column":56}},"type":"binary-expr","locations":[{"start":{"line":229,"column":20},"end":{"line":229,"column":30}},{"start":{"line":229,"column":34},"end":{"line":229,"column":56}}],"line":229},"48":{"loc":{"start":{"line":242,"column":97},"end":{"line":242,"column":126}},"type":"cond-expr","locations":[{"start":{"line":242,"column":110},"end":{"line":242,"column":112}},{"start":{"line":242,"column":115},"end":{"line":242,"column":126}}],"line":242},"49":{"loc":{"start":{"line":244,"column":92},"end":{"line":244,"column":121}},"type":"cond-expr","locations":[{"start":{"line":244,"column":105},"end":{"line":244,"column":107}},{"start":{"line":244,"column":110},"end":{"line":244,"column":121}}],"line":244},"50":{"loc":{"start":{"line":248,"column":87},"end":{"line":248,"column":115}},"type":"cond-expr","locations":[{"start":{"line":248,"column":99},"end":{"line":248,"column":101}},{"start":{"line":248,"column":104},"end":{"line":248,"column":115}}],"line":248},"51":{"loc":{"start":{"line":255,"column":82},"end":{"line":255,"column":110}},"type":"cond-expr","locations":[{"start":{"line":255,"column":94},"end":{"line":255,"column":96}},{"start":{"line":255,"column":99},"end":{"line":255,"column":110}}],"line":255},"52":{"loc":{"start":{"line":279,"column":0},"end":{"line":281,"column":1}},"type":"if","locations":[{"start":{"line":279,"column":0},"end":{"line":281,"column":1}},{"start":{},"end":{}}],"line":279}},"s":{"0":0,"1":0,"2":0,"3":0,"4":0,"5":0,"6":0,"7":0,"8":0,"9":0,"10":0,"11":0,"12":0,"13":0,"14":0,"15":0,"16":0,"17":0,"18":0,"19":0,"20":0,"21":0,"22":0,"23":0,"24":0,"25":0,"26":0,"27":0,"28":0,"29":0,"30":0,"31":0,"32":0,"33":0,"34":0,"35":0,"36":0,"37":0,"38":0,"39":0,"40":0,"41":0,"42":0,"43":0,"44":0,"45":0,"46":0,"47":0,"48":0,"49":0,"50":0,"51":0,"52":0,"53":0,"54":0,"55":0,"56":0,"57":0,"58":0,"59":0,"60":0,"61":0,"62":0,"63":0,"64":0,"65":0,"66":0,"67":0,"68":0,"69":0,"70":0,"71":0,"72":0,"73":0,"74":0,"75":0,"76":0,"77":0,"78":0,"79":0},"f":{"0":0,"1":0,"2":0,"3":0,"4":0,"5":0,"6":0,"7":0,"8":0,"9":0,"10":0},"b":{"0":[0,0],"1":[0,0],"2":[0,0],"3":[0,0],"4":[0,0],"5":[0,0],"6":[0,0],"7":[0,0],"8":[0,0],"9":[0,0],"10":[0,0],"11":[0,0,0],"12":[0,0],"13":[0,0],"14":[0,0],"15":[0,0],"16":[0,0],"17":[0,0],"18":[0,0],"19":[0,0],"20":[0,0],"21":[0,0],"22":[0,0,0],"23":[0,0],"24":[0,0],"25":[0,0],"26":[0,0],"27":[0,0],"28":[0,0],"29":[0,0],"30":[0,0],"31":[0,0],"32":[0,0],"33":[0,0],"34":[0,0],"35":[0,0],"36":[0,0],"37":[0,0],"38":[0,0],"39":[0,0],"40":[0,0],"41":[0,0],"42":[0,0,0],"43":[0,0],"44":[0,0],"45":[0,0],"46":[0,0],"47":[0,0],"48":[0,0],"49":[0,0],"50":[0,0],"51":[0,0],"52":[0,0]}}
,"/Users/robertwilliamknaus/Desktop/Cornerstone MTSS/specialist-hub-google-workspace.js": {"path":"/Users/robertwilliamknaus/Desktop/Cornerstone MTSS/specialist-hub-google-workspace.js","statementMap":{"0":{"start":{"line":18,"column":18},"end":{"line":18,"column":32}},"1":{"start":{"line":19,"column":21},"end":{"line":19,"column":38}},"2":{"start":{"line":21,"column":2},"end":{"line":24,"column":3}},"3":{"start":{"line":22,"column":4},"end":{"line":22,"column":100}},"4":{"start":{"line":23,"column":4},"end":{"line":23,"column":16}},"5":{"start":{"line":27,"column":4},"end":{"line":31,"column":31}},"6":{"start":{"line":35,"column":20},"end":{"line":35,"column":66}},"7":{"start":{"line":36,"column":20},"end":{"line":36,"column":71}},"8":{"start":{"line":37,"column":20},"end":{"line":37,"column":72}},"9":{"start":{"line":38,"column":20},"end":{"line":38,"column":44}},"10":{"start":{"line":40,"column":4},"end":{"line":40,"column":37}},"11":{"start":{"line":40,"column":30},"end":{"line":40,"column":37}},"12":{"start":{"line":41,"column":4},"end":{"line":41,"column":37}},"13":{"start":{"line":43,"column":4},"end":{"line":43,"column":98}},"14":{"start":{"line":43,"column":14},"end":{"line":43,"column":98}},"15":{"start":{"line":45,"column":4},"end":{"line":47,"column":5}},"16":{"start":{"line":46,"column":6},"end":{"line":46,"column":72}},"17":{"start":{"line":46,"column":39},"end":{"line":46,"column":69}},"18":{"start":{"line":48,"column":4},"end":{"line":50,"column":23}},"19":{"start":{"line":49,"column":6},"end":{"line":49,"column":60}},"20":{"start":{"line":49,"column":30},"end":{"line":49,"column":60}},"21":{"start":{"line":52,"column":4},"end":{"line":90,"column":7}},"22":{"start":{"line":53,"column":6},"end":{"line":53,"column":24}},"23":{"start":{"line":53,"column":17},"end":{"line":53,"column":24}},"24":{"start":{"line":54,"column":6},"end":{"line":57,"column":7}},"25":{"start":{"line":55,"column":8},"end":{"line":55,"column":120}},"26":{"start":{"line":56,"column":8},"end":{"line":56,"column":15}},"27":{"start":{"line":58,"column":17},"end":{"line":58,"column":19}},"28":{"start":{"line":59,"column":6},"end":{"line":66,"column":9}},"29":{"start":{"line":60,"column":8},"end":{"line":65,"column":19}},"30":{"start":{"line":67,"column":6},"end":{"line":67,"column":28}},"31":{"start":{"line":70,"column":6},"end":{"line":87,"column":9}},"32":{"start":{"line":71,"column":8},"end":{"line":86,"column":11}},"33":{"start":{"line":72,"column":27},"end":{"line":72,"column":61}},"34":{"start":{"line":73,"column":27},"end":{"line":73,"column":63}},"35":{"start":{"line":74,"column":10},"end":{"line":74,"column":39}},"36":{"start":{"line":75,"column":10},"end":{"line":75,"column":30}},"37":{"start":{"line":76,"column":10},"end":{"line":85,"column":13}},"38":{"start":{"line":77,"column":12},"end":{"line":77,"column":42}},"39":{"start":{"line":78,"column":12},"end":{"line":78,"column":147}},"40":{"start":{"line":80,"column":12},"end":{"line":80,"column":27}},"41":{"start":{"line":82,"column":12},"end":{"line":82,"column":38}},"42":{"start":{"line":83,"column":12},"end":{"line":83,"column":33}},"43":{"start":{"line":84,"column":12},"end":{"line":84,"column":72}},"44":{"start":{"line":89,"column":6},"end":{"line":89,"column":114}},"45":{"start":{"line":89,"column":16},"end":{"line":89,"column":114}},"46":{"start":{"line":94,"column":23},"end":{"line":94,"column":63}},"47":{"start":{"line":95,"column":23},"end":{"line":95,"column":65}},"48":{"start":{"line":96,"column":23},"end":{"line":96,"column":63}},"49":{"start":{"line":97,"column":23},"end":{"line":97,"column":72}},"50":{"start":{"line":98,"column":23},"end":{"line":98,"column":71}},"51":{"start":{"line":99,"column":23},"end":{"line":99,"column":72}},"52":{"start":{"line":100,"column":23},"end":{"line":100,"column":71}},"53":{"start":{"line":101,"column":23},"end":{"line":101,"column":72}},"54":{"start":{"line":103,"column":20},"end":{"line":103,"column":39}},"55":{"start":{"line":104,"column":20},"end":{"line":104,"column":44}},"56":{"start":{"line":106,"column":4},"end":{"line":106,"column":22}},"57":{"start":{"line":106,"column":15},"end":{"line":106,"column":22}},"58":{"start":{"line":108,"column":4},"end":{"line":108,"column":16}},"59":{"start":{"line":110,"column":4},"end":{"line":130,"column":7}},"60":{"start":{"line":111,"column":6},"end":{"line":129,"column":7}},"61":{"start":{"line":113,"column":8},"end":{"line":113,"column":57}},"62":{"start":{"line":113,"column":23},"end":{"line":113,"column":57}},"63":{"start":{"line":114,"column":8},"end":{"line":114,"column":58}},"64":{"start":{"line":114,"column":23},"end":{"line":114,"column":58}},"65":{"start":{"line":115,"column":8},"end":{"line":115,"column":57}},"66":{"start":{"line":115,"column":23},"end":{"line":115,"column":57}},"67":{"start":{"line":116,"column":8},"end":{"line":116,"column":93}},"68":{"start":{"line":116,"column":23},"end":{"line":116,"column":93}},"69":{"start":{"line":117,"column":8},"end":{"line":120,"column":9}},"70":{"start":{"line":118,"column":10},"end":{"line":118,"column":38}},"71":{"start":{"line":119,"column":10},"end":{"line":119,"column":55}},"72":{"start":{"line":123,"column":8},"end":{"line":123,"column":54}},"73":{"start":{"line":123,"column":23},"end":{"line":123,"column":54}},"74":{"start":{"line":124,"column":8},"end":{"line":124,"column":55}},"75":{"start":{"line":124,"column":23},"end":{"line":124,"column":55}},"76":{"start":{"line":126,"column":8},"end":{"line":128,"column":9}},"77":{"start":{"line":127,"column":10},"end":{"line":127,"column":47}},"78":{"start":{"line":133,"column":4},"end":{"line":143,"column":5}},"79":{"start":{"line":134,"column":6},"end":{"line":142,"column":9}},"80":{"start":{"line":135,"column":8},"end":{"line":135,"column":46}},"81":{"start":{"line":136,"column":8},"end":{"line":136,"column":34}},"82":{"start":{"line":137,"column":8},"end":{"line":141,"column":11}},"83":{"start":{"line":138,"column":10},"end":{"line":138,"column":70}},"84":{"start":{"line":139,"column":10},"end":{"line":139,"column":736}},"85":{"start":{"line":140,"column":10},"end":{"line":140,"column":37}},"86":{"start":{"line":146,"column":4},"end":{"line":151,"column":5}},"87":{"start":{"line":147,"column":6},"end":{"line":150,"column":9}},"88":{"start":{"line":148,"column":8},"end":{"line":148,"column":23}},"89":{"start":{"line":149,"column":8},"end":{"line":149,"column":51}},"90":{"start":{"line":154,"column":4},"end":{"line":158,"column":5}},"91":{"start":{"line":155,"column":6},"end":{"line":157,"column":9}},"92":{"start":{"line":156,"column":8},"end":{"line":156,"column":29}},"93":{"start":{"line":161,"column":2},"end":{"line":164,"column":4}},"94":{"start":{"line":168,"column":0},"end":{"line":170,"column":1}},"95":{"start":{"line":169,"column":2},"end":{"line":169,"column":93}}},"fnMap":{"0":{"name":"createSpecialistHubGoogleWorkspaceModule","decl":{"start":{"line":15,"column":9},"end":{"line":15,"column":49}},"loc":{"start":{"line":15,"column":56},"end":{"line":165,"column":1}},"line":15},"1":{"name":"escHtml","decl":{"start":{"line":26,"column":11},"end":{"line":26,"column":18}},"loc":{"start":{"line":26,"column":24},"end":{"line":32,"column":3}},"line":26},"2":{"name":"openClassroomModal","decl":{"start":{"line":34,"column":11},"end":{"line":34,"column":29}},"loc":{"start":{"line":34,"column":32},"end":{"line":91,"column":3}},"line":34},"3":{"name":"(anonymous_3)","decl":{"start":{"line":46,"column":25},"end":{"line":46,"column":26}},"loc":{"start":{"line":46,"column":37},"end":{"line":46,"column":71}},"line":46},"4":{"name":"(anonymous_4)","decl":{"start":{"line":48,"column":36},"end":{"line":48,"column":37}},"loc":{"start":{"line":48,"column":49},"end":{"line":50,"column":5}},"line":48},"5":{"name":"(anonymous_5)","decl":{"start":{"line":52,"column":34},"end":{"line":52,"column":35}},"loc":{"start":{"line":52,"column":53},"end":{"line":88,"column":5}},"line":52},"6":{"name":"(anonymous_6)","decl":{"start":{"line":59,"column":22},"end":{"line":59,"column":23}},"loc":{"start":{"line":59,"column":35},"end":{"line":66,"column":7}},"line":59},"7":{"name":"(anonymous_7)","decl":{"start":{"line":70,"column":70},"end":{"line":70,"column":71}},"loc":{"start":{"line":70,"column":85},"end":{"line":87,"column":7}},"line":70},"8":{"name":"(anonymous_8)","decl":{"start":{"line":71,"column":38},"end":{"line":71,"column":39}},"loc":{"start":{"line":71,"column":50},"end":{"line":86,"column":9}},"line":71},"9":{"name":"(anonymous_9)","decl":{"start":{"line":76,"column":51},"end":{"line":76,"column":52}},"loc":{"start":{"line":76,"column":69},"end":{"line":81,"column":11}},"line":76},"10":{"name":"(anonymous_10)","decl":{"start":{"line":81,"column":19},"end":{"line":81,"column":20}},"loc":{"start":{"line":81,"column":34},"end":{"line":85,"column":11}},"line":81},"11":{"name":"(anonymous_11)","decl":{"start":{"line":88,"column":13},"end":{"line":88,"column":14}},"loc":{"start":{"line":88,"column":28},"end":{"line":90,"column":5}},"line":88},"12":{"name":"init","decl":{"start":{"line":93,"column":11},"end":{"line":93,"column":15}},"loc":{"start":{"line":93,"column":18},"end":{"line":159,"column":3}},"line":93},"13":{"name":"(anonymous_13)","decl":{"start":{"line":110,"column":22},"end":{"line":110,"column":23}},"loc":{"start":{"line":110,"column":38},"end":{"line":130,"column":5}},"line":110},"14":{"name":"(anonymous_14)","decl":{"start":{"line":134,"column":42},"end":{"line":134,"column":43}},"loc":{"start":{"line":134,"column":54},"end":{"line":142,"column":7}},"line":134},"15":{"name":"(anonymous_15)","decl":{"start":{"line":137,"column":28},"end":{"line":137,"column":29}},"loc":{"start":{"line":137,"column":43},"end":{"line":141,"column":9}},"line":137},"16":{"name":"(anonymous_16)","decl":{"start":{"line":147,"column":43},"end":{"line":147,"column":44}},"loc":{"start":{"line":147,"column":55},"end":{"line":150,"column":7}},"line":147},"17":{"name":"(anonymous_17)","decl":{"start":{"line":155,"column":40},"end":{"line":155,"column":41}},"loc":{"start":{"line":155,"column":52},"end":{"line":157,"column":7}},"line":155}},"branchMap":{"0":{"loc":{"start":{"line":21,"column":2},"end":{"line":24,"column":3}},"type":"if","locations":[{"start":{"line":21,"column":2},"end":{"line":24,"column":3}},{"start":{},"end":{}}],"line":21},"1":{"loc":{"start":{"line":21,"column":6},"end":{"line":21,"column":33}},"type":"binary-expr","locations":[{"start":{"line":21,"column":6},"end":{"line":21,"column":16}},{"start":{"line":21,"column":20},"end":{"line":21,"column":33}}],"line":21},"2":{"loc":{"start":{"line":27,"column":18},"end":{"line":27,"column":27}},"type":"binary-expr","locations":[{"start":{"line":27,"column":18},"end":{"line":27,"column":21}},{"start":{"line":27,"column":25},"end":{"line":27,"column":27}}],"line":27},"3":{"loc":{"start":{"line":40,"column":4},"end":{"line":40,"column":37}},"type":"if","locations":[{"start":{"line":40,"column":4},"end":{"line":40,"column":37}},{"start":{},"end":{}}],"line":40},"4":{"loc":{"start":{"line":40,"column":8},"end":{"line":40,"column":28}},"type":"binary-expr","locations":[{"start":{"line":40,"column":8},"end":{"line":40,"column":14}},{"start":{"line":40,"column":18},"end":{"line":40,"column":28}}],"line":40},"5":{"loc":{"start":{"line":43,"column":4},"end":{"line":43,"column":98}},"type":"if","locations":[{"start":{"line":43,"column":4},"end":{"line":43,"column":98}},{"start":{},"end":{}}],"line":43},"6":{"loc":{"start":{"line":45,"column":4},"end":{"line":47,"column":5}},"type":"if","locations":[{"start":{"line":45,"column":4},"end":{"line":47,"column":5}},{"start":{},"end":{}}],"line":45},"7":{"loc":{"start":{"line":49,"column":6},"end":{"line":49,"column":60}},"type":"if","locations":[{"start":{"line":49,"column":6},"end":{"line":49,"column":60}},{"start":{},"end":{}}],"line":49},"8":{"loc":{"start":{"line":53,"column":6},"end":{"line":53,"column":24}},"type":"if","locations":[{"start":{"line":53,"column":6},"end":{"line":53,"column":24}},{"start":{},"end":{}}],"line":53},"9":{"loc":{"start":{"line":54,"column":6},"end":{"line":57,"column":7}},"type":"if","locations":[{"start":{"line":54,"column":6},"end":{"line":57,"column":7}},{"start":{},"end":{}}],"line":54},"10":{"loc":{"start":{"line":62,"column":11},"end":{"line":62,"column":104}},"type":"cond-expr","locations":[{"start":{"line":62,"column":23},"end":{"line":62,"column":99}},{"start":{"line":62,"column":102},"end":{"line":62,"column":104}}],"line":62},"11":{"loc":{"start":{"line":89,"column":6},"end":{"line":89,"column":114}},"type":"if","locations":[{"start":{"line":89,"column":6},"end":{"line":89,"column":114}},{"start":{},"end":{}}],"line":89},"12":{"loc":{"start":{"line":106,"column":4},"end":{"line":106,"column":22}},"type":"if","locations":[{"start":{"line":106,"column":4},"end":{"line":106,"column":22}},{"start":{},"end":{}}],"line":106},"13":{"loc":{"start":{"line":111,"column":6},"end":{"line":129,"column":7}},"type":"if","locations":[{"start":{"line":111,"column":6},"end":{"line":129,"column":7}},{"start":{"line":121,"column":13},"end":{"line":129,"column":7}}],"line":111},"14":{"loc":{"start":{"line":113,"column":8},"end":{"line":113,"column":57}},"type":"if","locations":[{"start":{"line":113,"column":8},"end":{"line":113,"column":57}},{"start":{},"end":{}}],"line":113},"15":{"loc":{"start":{"line":114,"column":8},"end":{"line":114,"column":58}},"type":"if","locations":[{"start":{"line":114,"column":8},"end":{"line":114,"column":58}},{"start":{},"end":{}}],"line":114},"16":{"loc":{"start":{"line":115,"column":8},"end":{"line":115,"column":57}},"type":"if","locations":[{"start":{"line":115,"column":8},"end":{"line":115,"column":57}},{"start":{},"end":{}}],"line":115},"17":{"loc":{"start":{"line":116,"column":8},"end":{"line":116,"column":93}},"type":"if","locations":[{"start":{"line":116,"column":8},"end":{"line":116,"column":93}},{"start":{},"end":{}}],"line":116},"18":{"loc":{"start":{"line":116,"column":44},"end":{"line":116,"column":92}},"type":"cond-expr","locations":[{"start":{"line":116,"column":56},"end":{"line":116,"column":79}},{"start":{"line":116,"column":82},"end":{"line":116,"column":92}}],"line":116},"19":{"loc":{"start":{"line":117,"column":8},"end":{"line":120,"column":9}},"type":"if","locations":[{"start":{"line":117,"column":8},"end":{"line":120,"column":9}},{"start":{},"end":{}}],"line":117},"20":{"loc":{"start":{"line":117,"column":12},"end":{"line":117,"column":36}},"type":"binary-expr","locations":[{"start":{"line":117,"column":12},"end":{"line":117,"column":20}},{"start":{"line":117,"column":24},"end":{"line":117,"column":36}}],"line":117},"21":{"loc":{"start":{"line":119,"column":25},"end":{"line":119,"column":54}},"type":"binary-expr","locations":[{"start":{"line":119,"column":25},"end":{"line":119,"column":34}},{"start":{"line":119,"column":38},"end":{"line":119,"column":54}}],"line":119},"22":{"loc":{"start":{"line":123,"column":8},"end":{"line":123,"column":54}},"type":"if","locations":[{"start":{"line":123,"column":8},"end":{"line":123,"column":54}},{"start":{},"end":{}}],"line":123},"23":{"loc":{"start":{"line":124,"column":8},"end":{"line":124,"column":55}},"type":"if","locations":[{"start":{"line":124,"column":8},"end":{"line":124,"column":55}},{"start":{},"end":{}}],"line":124},"24":{"loc":{"start":{"line":126,"column":8},"end":{"line":128,"column":9}},"type":"if","locations":[{"start":{"line":126,"column":8},"end":{"line":128,"column":9}},{"start":{},"end":{}}],"line":126},"25":{"loc":{"start":{"line":126,"column":12},"end":{"line":126,"column":44}},"type":"binary-expr","locations":[{"start":{"line":126,"column":12},"end":{"line":126,"column":21}},{"start":{"line":126,"column":25},"end":{"line":126,"column":44}}],"line":126},"26":{"loc":{"start":{"line":133,"column":4},"end":{"line":143,"column":5}},"type":"if","locations":[{"start":{"line":133,"column":4},"end":{"line":143,"column":5}},{"start":{},"end":{}}],"line":133},"27":{"loc":{"start":{"line":146,"column":4},"end":{"line":151,"column":5}},"type":"if","locations":[{"start":{"line":146,"column":4},"end":{"line":151,"column":5}},{"start":{},"end":{}}],"line":146},"28":{"loc":{"start":{"line":154,"column":4},"end":{"line":158,"column":5}},"type":"if","locations":[{"start":{"line":154,"column":4},"end":{"line":158,"column":5}},{"start":{},"end":{}}],"line":154},"29":{"loc":{"start":{"line":154,"column":8},"end":{"line":154,"column":28}},"type":"binary-expr","locations":[{"start":{"line":154,"column":8},"end":{"line":154,"column":15}},{"start":{"line":154,"column":19},"end":{"line":154,"column":28}}],"line":154},"30":{"loc":{"start":{"line":168,"column":0},"end":{"line":170,"column":1}},"type":"if","locations":[{"start":{"line":168,"column":0},"end":{"line":170,"column":1}},{"start":{},"end":{}}],"line":168}},"s":{"0":0,"1":0,"2":0,"3":0,"4":0,"5":0,"6":0,"7":0,"8":0,"9":0,"10":0,"11":0,"12":0,"13":0,"14":0,"15":0,"16":0,"17":0,"18":0,"19":0,"20":0,"21":0,"22":0,"23":0,"24":0,"25":0,"26":0,"27":0,"28":0,"29":0,"30":0,"31":0,"32":0,"33":0,"34":0,"35":0,"36":0,"37":0,"38":0,"39":0,"40":0,"41":0,"42":0,"43":0,"44":0,"45":0,"46":0,"47":0,"48":0,"49":0,"50":0,"51":0,"52":0,"53":0,"54":0,"55":0,"56":0,"57":0,"58":0,"59":0,"60":0,"61":0,"62":0,"63":0,"64":0,"65":0,"66":0,"67":0,"68":0,"69":0,"70":0,"71":0,"72":0,"73":0,"74":0,"75":0,"76":0,"77":0,"78":0,"79":0,"80":0,"81":0,"82":0,"83":0,"84":0,"85":0,"86":0,"87":0,"88":0,"89":0,"90":0,"91":0,"92":0,"93":0,"94":0,"95":0},"f":{"0":0,"1":0,"2":0,"3":0,"4":0,"5":0,"6":0,"7":0,"8":0,"9":0,"10":0,"11":0,"12":0,"13":0,"14":0,"15":0,"16":0,"17":0},"b":{"0":[0,0],"1":[0,0],"2":[0,0],"3":[0,0],"4":[0,0],"5":[0,0],"6":[0,0],"7":[0,0],"8":[0,0],"9":[0,0],"10":[0,0],"11":[0,0],"12":[0,0],"13":[0,0],"14":[0,0],"15":[0,0],"16":[0,0],"17":[0,0],"18":[0,0],"19":[0,0],"20":[0,0],"21":[0,0],"22":[0,0],"23":[0,0],"24":[0,0],"25":[0,0],"26":[0,0],"27":[0,0],"28":[0,0],"29":[0,0],"30":[0,0]}}
[...]
ef","decl":{"start":{"line":360,"column":11},"end":{"line":360,"column":28}},"loc":{"start":{"line":360,"column":50},"end":{"line":415,"column":3}},"line":360},"26":{"name":"renderBlockRoster","decl":{"start":{"line":420,"column":11},"end":{"line":420,"column":28}},"loc":{"start":{"line":420,"column":55},"end":{"line":448,"column":3}},"line":420}},"branchMap":{"0":{"loc":{"start":{"line":18,"column":19},"end":{"line":18,"column":151}},"type":"binary-expr","locations":[{"start":{"line":18,"column":19},"end":{"line":18,"column":34}},{"start":{"line":18,"column":38},"end":{"line":18,"column":151}}],"line":18},"1":{"loc":{"start":{"line":37,"column":15},"end":{"line":37,"column":28}},"type":"binary-expr","locations":[{"start":{"line":37,"column":15},"end":{"line":37,"column":22}},{"start":{"line":37,"column":26},"end":{"line":37,"column":28}}],"line":37},"2":{"loc":{"start":{"line":40,"column":22},"end":{"line":40,"column":45}},"type":"binary-expr","locations":[{"start":{"line":40,"column":22},"end":{"line":40,"column":38}},{"start":{"line":40,"column":42},"end":{"line":40,"column":45}}],"line":40},"3":{"loc":{"start":{"line":44,"column":4},"end":{"line":48,"column":5}},"type":"if","locations":[{"start":{"line":44,"column":4},"end":{"line":48,"column":5}},{"start":{},"end":{}}],"line":44},"4":{"loc":{"start":{"line":44,"column":8},"end":{"line":44,"column":42}},"type":"binary-expr","locations":[{"start":{"line":44,"column":8},"end":{"line":44,"column":17}},{"start":{"line":44,"column":21},"end":{"line":44,"column":42}}],"line":44},"5":{"loc":{"start":{"line":50,"column":83},"end":{"line":50,"column":115}},"type":"cond-expr","locations":[{"start":{"line":50,"column":107},"end":{"line":50,"column":110}},{"start":{"line":50,"column":113},"end":{"line":50,"column":115}}],"line":50},"6":{"loc":{"start":{"line":55,"column":84},"end":{"line":55,"column":100}},"type":"binary-expr","locations":[{"start":{"line":55,"column":84},"end":{"line":55,"column":94}},{"start":{"line":55,"column":98},"end":{"line":55,"column":100}}],"line":55},"7":{"loc":{"start":{"line":69,"column":15},"end":{"line":69,"column":28}},"type":"binary-expr","locations":[{"start":{"line":69,"column":15},"end":{"line":69,"column":22}},{"start":{"line":69,"column":26},"end":{"line":69,"column":28}}],"line":69},"8":{"loc":{"start":{"line":74,"column":50},"end":{"line":74,"column":93}},"type":"cond-expr","locations":[{"start":{"line":74,"column":60},"end":{"line":74,"column":88}},{"start":{"line":74,"column":91},"end":{"line":74,"column":93}}],"line":74},"9":{"loc":{"start":{"line":77,"column":60},"end":{"line":77,"column":93}},"type":"binary-expr","locations":[{"start":{"line":77,"column":60},"end":{"line":77,"column":72}},{"start":{"line":77,"column":76},"end":{"line":77,"column":93}}],"line":77},"10":{"loc":{"start":{"line":78,"column":4},"end":{"line":80,"column":5}},"type":"if","locations":[{"start":{"line":78,"column":4},"end":{"line":80,"column":5}},{"start":{},"end":{}}],"line":78},"11":{"loc":{"start":{"line":78,"column":8},"end":{"line":78,"column":37}},"type":"binary-expr","locations":[{"start":{"line":78,"column":8},"end":{"line":78,"column":16}},{"start":{"line":78,"column":20},"end":{"line":78,"column":37}}],"line":78},"12":{"loc":{"start":{"line":83,"column":4},"end":{"line":92,"column":5}},"type":"if","locations":[{"start":{"line":83,"column":4},"end":{"line":92,"column":5}},{"start":{},"end":{}}],"line":83},"13":{"loc":{"start":{"line":85,"column":6},"end":{"line":87,"column":7}},"type":"if","locations":[{"start":{"line":85,"column":6},"end":{"line":87,"column":7}},{"start":{},"end":{}}],"line":85},"14":{"loc":{"start":{"line":85,"column":10},"end":{"line":85,"column":34}},"type":"binary-expr","locations":[{"start":{"line":85,"column":10},"end":{"line":85,"column":18}},{"start":{"line":85,"column":22},"end":{"line":85,"column":34}}],"line":85},"15":{"loc":{"start":{"line":88,"column":6},"end":{"line":90,"column":7}},"type":"if","locations":[{"start":{"line":88,"column":6},"end":{"line":90,"column":7}},{"start":{},"end":{}}],"line":88},"16":{"loc":{"start":{"line":88,"column":10},"end":{"line":88,"column":40}},"type":"binary-expr","locations":[{"start":{"line":88,"column":10},"end":{"line":88,"column":21}},{"start":{"line":88,"column":25},"end":{"line":88,"column":40}}],"line":88},"17":{"loc":{"start":{"line":94,"column":4},"end":{"line":96,"column":5}},"type":"if","locations":[{"start":{"line":94,"column":4},"end":{"line":96,"column":5}},{"start":{},"end":{}}],"line":94},"18":{"loc":{"start":{"line":94,"column":8},"end":{"line":94,"column":33}},"type":"binary-expr","locations":[{"start":{"line":94,"column":8},"end":{"line":94,"column":16}},{"start":{"line":94,"column":20},"end":{"line":94,"column":33}}],"line":94},"19":{"loc":{"start":{"line":95,"column":64},"end":{"line":95,"column":83}},"type":"binary-expr","locations":[{"start":{"line":95,"column":64},"end":{"line":95,"column":77}},{"start":{"line":95,"column":81},"end":{"line":95,"column":83}}],"line":95},"20":{"loc":{"start":{"line":109,"column":59},"end":{"line":109,"column":92}},"type":"binary-expr","locations":[{"start":{"line":109,"column":59},"end":{"line":109,"column":71}},{"start":{"line":109,"column":75},"end":{"line":109,"column":92}}],"line":109},"21":{"loc":{"start":{"line":115,"column":94},"end":{"line":115,"column":120}},"type":"binary-expr","locations":[{"start":{"line":115,"column":94},"end":{"line":115,"column":111}},{"start":{"line":115,"column":115},"end":{"line":115,"column":120}}],"line":115},"22":{"loc":{"start":{"line":116,"column":88},"end":{"line":116,"column":109}},"type":"binary-expr","locations":[{"start":{"line":116,"column":88},"end":{"line":116,"column":100}},{"start":{"line":116,"column":104},"end":{"line":116,"column":109}}],"line":116},"23":{"loc":{"start":{"line":117,"column":99},"end":{"line":117,"column":123}},"type":"binary-expr","locations":[{"start":{"line":117,"column":99},"end":{"line":117,"column":114}},{"start":{"line":117,"column":118},"end":{"line":117,"column":123}}],"line":117},"24":{"loc":{"start":{"line":118,"column":90},"end":{"line":118,"column":116}},"type":"binary-expr","locations":[{"start":{"line":118,"column":90},"end":{"line":118,"column":104}},{"start":{"line":118,"column":108},"end":{"line":118,"column":116}}],"line":118},"25":{"loc":{"start":{"line":122,"column":4},"end":{"line":127,"column":5}},"type":"if","locations":[{"start":{"line":122,"column":4},"end":{"line":127,"column":5}},{"start":{},"end":{}}],"line":122},"26":{"loc":{"start":{"line":139,"column":15},"end":{"line":139,"column":28}},"type":"binary-expr","locations":[{"start":{"line":139,"column":15},"end":{"line":139,"column":22}},{"start":{"line":139,"column":26},"end":{"line":139,"column":28}}],"line":139},"27":{"loc":{"start":{"line":141,"column":4},"end":{"line":141,"column":27}},"type":"if","locations":[{"start":{"line":141,"column":4},"end":{"line":141,"column":27}},{"start":{},"end":{}}],"line":141},"28":{"loc":{"start":{"line":143,"column":44},"end":{"line":143,"column":64}},"type":"binary-expr","locations":[{"start":{"line":143,"column":44},"end":{"line":143,"column":59}},{"start":{"line":143,"column":63},"end":{"line":143,"column":64}}],"line":143},"29":{"loc":{"start":{"line":165,"column":21},"end":{"line":165,"column":85}},"type":"binary-expr","locations":[{"start":{"line":165,"column":21},"end":{"line":165,"column":43}},{"start":{"line":165,"column":47},"end":{"line":165,"column":80}},{"start":{"line":165,"column":84},"end":{"line":165,"column":85}}],"line":165},"30":{"loc":{"start":{"line":188,"column":4},"end":{"line":203,"column":5}},"type":"if","locations":[{"start":{"line":188,"column":4},"end":{"line":203,"column":5}},{"start":{},"end":{}}],"line":188},"31":{"loc":{"start":{"line":188,"column":8},"end":{"line":188,"column":65}},"type":"binary-expr","locations":[{"start":{"line":188,"column":8},"end":{"line":188,"column":29}},{"start":{"line":188,"column":33},"end":{"line":188,"column":65}}],"line":188},"32":{"loc":{"start":{"line":196,"column":8},"end":{"line":198,"column":9}},"type":"if","locations":[{"start":{"line":196,"column":8},"end":{"line":198,"column":9}},{"start":{},"end":{}}],"line":196},"33":{"loc":{"start":{"line":205,"column":4},"end":{"line":222,"column":5}},"type":"if","locations":[{"start":{"line":205,"column":4},"end":{"line":222,"column":5}},{"start":{},"end":{}}],"line":205},"34":{"loc":{"start":{"line":205,"column":8},"end":{"line":205,"column":49}},"type":"binary-expr","locations":[{"start":{"line":205,"column":8},"end":{"line":205,"column":21}},{"start":{"line":205,"column":25},"end":{"line":205,"column":49}}],"line":205},"35":{"loc":{"start":{"line":211,"column":23},"end":{"line":211,"column":41}},"type":"binary-expr","locations":[{"start":{"line":211,"column":23},"end":{"line":211,"column":36}},{"start":{"line":211,"column":40},"end":{"line":211,"column":41}}],"line":211},"36":{"loc":{"start":{"line":235,"column":5},"end":{"line":235,"column":19}},"type":"binary-expr","locations":[{"start":{"line":235,"column":5},"end":{"line":235,"column":13}},{"start":{"line":235,"column":17},"end":{"line":235,"column":19}}],"line":235},"37":{"loc":{"start":{"line":236,"column":6},"end":{"line":238,"column":7}},"type":"if","locations":[{"start":{"line":236,"column":6},"end":{"line":238,"column":7}},{"start":{},"end":{}}],"line":236},"38":{"loc":{"start":{"line":236,"column":10},"end":{"line":236,"column":61}},"type":"binary-expr","locations":[{"start":{"line":236,"column":10},"end":{"line":236,"column":22}},{"start":{"line":236,"column":26},"end":{"line":236,"column":61}}],"line":236},"39":{"loc":{"start":{"line":241,"column":16},"end":{"line":241,"column":46}},"type":"cond-expr","locations":[{"start":{"line":241,"column":27},"end":{"line":241,"column":42}},{"start":{"line":241,"column":45},"end":{"line":241,"column":46}}],"line":241},"40":{"loc":{"start":{"line":247,"column":20},"end":{"line":247,"column":69}},"type":"cond-expr","locations":[{"start":{"line":247,"column":32},"end":{"line":247,"column":65}},{"start":{"line":247,"column":68},"end":{"line":247,"column":69}}],"line":247},"41":{"loc":{"start":{"line":271,"column":4},"end":{"line":282,"column":5}},"type":"if","locations":[{"start":{"line":271,"column":4},"end":{"line":282,"column":5}},{"start":{},"end":{}}],"line":271},"42":{"loc":{"start":{"line":271,"column":8},"end":{"line":271,"column":39}},"type":"binary-expr","locations":[{"start":{"line":271,"column":8},"end":{"line":271,"column":16}},{"start":{"line":271,"column":20},"end":{"line":271,"column":39}}],"line":271},"43":{"loc":{"start":{"line":274,"column":25},"end":{"line":274,"column":89}},"type":"binary-expr","locations":[{"start":{"line":274,"column":25},"end":{"line":274,"column":47}},{"start":{"line":274,"column":51},"end":{"line":274,"column":84}},{"start":{"line":274,"column":88},"end":{"line":274,"column":89}}],"line":274},"44":{"loc":{"start":{"line":301,"column":5},"end":{"line":301,"column":19}},"type":"binary-expr","locations":[{"start":{"line":301,"column":5},"end":{"line":301,"column":13}},{"start":{"line":301,"column":17},"end":{"line":301,"column":19}}],"line":301},"45":{"loc":{"start":{"line":302,"column":7},"end":{"line":302,"column":34}},"type":"binary-expr","locations":[{"start":{"line":302,"column":7},"end":{"line":302,"column":28}},{"start":{"line":302,"column":32},"end":{"line":302,"column":34}}],"line":302},"46":{"loc":{"start":{"line":303,"column":8},"end":{"line":305,"column":9}},"type":"if","locations":[{"start":{"line":303,"column":8},"end":{"line":305,"column":9}},{"start":{},"end":{}}],"line":303},"47":{"loc":{"start":{"line":307,"column":30},"end":{"line":307,"column":110}},"type":"binary-expr","locations":[{"start":{"line":307,"column":30},"end":{"line":307,"column":52}},{"start":{"line":307,"column":56},"end":{"line":307,"column":105}},{"start":{"line":307,"column":109},"end":{"line":307,"column":110}}],"line":307},"48":{"loc":{"start":{"line":313,"column":6},"end":{"line":315,"column":7}},"type":"if","locations":[{"start":{"line":313,"column":6},"end":{"line":315,"column":7}},{"start":{},"end":{}}],"line":313},"49":{"loc":{"start":{"line":327,"column":77},"end":{"line":327,"column":104}},"type":"cond-expr","locations":[{"start":{"line":327,"column":96},"end":{"line":327,"column":99}},{"start":{"line":327,"column":102},"end":{"line":327,"column":104}}],"line":327},"50":{"loc":{"start":{"line":361,"column":15},"end":{"line":361,"column":28}},"type":"binary-expr","locations":[{"start":{"line":361,"column":15},"end":{"line":361,"column":22}},{"start":{"line":361,"column":26},"end":{"line":361,"column":28}}],"line":361},"51":{"loc":{"start":{"line":364,"column":4},"end":{"line":371,"column":5}},"type":"if","locations":[{"start":{"line":364,"column":4},"end":{"line":371,"column":5}},{"start":{},"end":{}}],"line":364},"52":{"loc":{"start":{"line":367,"column":6},"end":{"line":369,"column":7}},"type":"if","locations":[{"start":{"line":367,"column":6},"end":{"line":369,"column":7}},{"start":{},"end":{}}],"line":367},"53":{"loc":{"start":{"line":373,"column":4},"end":{"line":378,"column":5}},"type":"if","locations":[{"start":{"line":373,"column":4},"end":{"line":378,"column":5}},{"start":{},"end":{}}],"line":373},"54":{"loc":{"start":{"line":380,"column":4},"end":{"line":389,"column":5}},"type":"if","locations":[{"start":{"line":380,"column":4},"end":{"line":389,"column":5}},{"start":{},"end":{}}],"line":380},"55":{"loc":{"start":{"line":380,"column":8},"end":{"line":380,"column":55}},"type":"binary-expr","locations":[{"start":{"line":380,"column":8},"end":{"line":380,"column":24}},{"start":{"line":380,"column":28},"end":{"line":380,"column":55}}],"line":380},"56":{"loc":{"start":{"line":391,"column":4},"end":{"line":400,"column":5}},"type":"if","locations":[{"start":{"line":391,"column":4},"end":{"line":400,"column":5}},{"start":{},"end":{}}],"line":391},"57":{"loc":{"start":{"line":391,"column":8},"end":{"line":391,"column":73}},"type":"binary-expr","locations":[{"start":{"line":391,"column":8},"end":{"line":391,"column":33}},{"start":{"line":391,"column":37},"end":{"line":391,"column":73}}],"line":391},"58":{"loc":{"start":{"line":402,"column":4},"end":{"line":411,"column":5}},"type":"if","locations":[{"start":{"line":402,"column":4},"end":{"line":411,"column":5}},{"start":{},"end":{}}],"line":402},"59":{"loc":{"start":{"line":402,"column":8},"end":{"line":402,"column":69}},"type":"binary-expr","locations":[{"start":{"line":402,"column":8},"end":{"line":402,"column":31}},{"start":{"line":402,"column":35},"end":{"line":402,"column":69}}],"line":402},"60":{"loc":{"start":{"line":423,"column":4},"end":{"line":430,"column":5}},"type":"if","locations":[{"start":{"line":423,"column":4},"end":{"line":430,"column":5}},{"start":{},"end":{}}],"line":423},"61":{"loc":{"start":{"line":425,"column":59},"end":{"line":425,"column":79}},"type":"binary-expr","locations":[{"start":{"line":425,"column":59},"end":{"line":425,"column":73}},{"start":{"line":425,"column":77},"end":{"line":425,"column":79}}],"line":425},"62":{"loc":{"start":{"line":426,"column":6},"end":{"line":428,"column":7}},"type":"if","locations":[{"start":{"line":426,"column":6},"end":{"line":428,"column":7}},{"start":{},"end":{}}],"line":426},"63":{"loc":{"start":{"line":432,"column":50},"end":{"line":432,"column":69}},"type":"binary-expr","locations":[{"start":{"line":432,"column":50},"end":{"line":432,"column":63}},{"start":{"line":432,"column":67},"end":{"line":432,"column":69}}],"line":432},"64":{"loc":{"start":{"line":432,"column":94},"end":{"line":432,"column":139}},"type":"cond-expr","locations":[{"start":{"line":432,"column":131},"end":{"line":432,"column":134}},{"start":{"line":432,"column":137},"end":{"line":432,"column":139}}],"line":432},"65":{"loc":{"start":{"line":432,"column":95},"end":{"line":432,"column":114}},"type":"binary-expr","locations":[{"start":{"line":432,"column":95},"end":{"line":432,"column":108}},{"start":{"line":432,"column":112},"end":{"line":432,"column":114}}],"line":432},"66":{"loc":{"start":{"line":434,"column":4},"end":{"line":444,"column":5}},"type":"if","locations":[{"start":{"line":434,"column":4},"end":{"line":444,"column":5}},{"start":{"line":436,"column":11},"end":{"line":444,"column":5}}],"line":434},"67":{"loc":{"start":{"line":434,"column":8},"end":{"line":434,"column":52}},"type":"binary-expr","locations":[{"start":{"line":434,"column":8},"end":{"line":434,"column":22}},{"start":{"line":434,"column":26},"end":{"line":434,"column":52}}],"line":434},"68":{"loc":{"start":{"line":439,"column":80},"end":{"line":439,"column":105}},"type":"binary-expr","locations":[{"start":{"line":439,"column":80},"end":{"line":439,"column":99}},{"start":{"line":439,"column":103},"end":{"line":439,"column":105}}],"line":439},"69":{"loc":{"start":{"line":479,"column":0},"end":{"line":481,"column":1}},"type":"if","locations":[{"start":{"line":479,"column":0},"end":{"line":481,"column":1}},{"start":{},"end":{}}],"line":479}},"s":{"0":0,"1":0,"2":0,"3":0,"4":0,"5":0,"6":0,"7":0,"8":0,"9":0,"10":0,"11":0,"12":0,"13":0,"14":0,"15":0,"16":0,"17":0,"18":0,"19":0,"20":0,"21":0,"22":0,"23":0,"24":0,"25":0,"26":0,"27":0,"28":0,"29":0,"30":0,"31":0,"32":0,"33":0,"34":0,"35":0,"36":0,"37":0,"38":0,"39":0,"40":0,"41":0,"42":0,"43":0,"44":0,"45":0,"46":0,"47":0,"48":0,"49":0,"50":0,"51":0,"52":0,"53":0,"54":0,"55":0,"56":0,"57":0,"58":0,"59":0,"60":0,"61":0,"62":0,"63":0,"64":0,"65":0,"66":0,"67":0,"68":0,"69":0,"70":0,"71":0,"72":0,"73":0,"74":0,"75":0,"76":0,"77":0,"78":0,"79":0,"80":0,"81":0,"82":0,"83":0,"84":0,"85":0,"86":0,"87":0,"88":0,"89":0,"90":0,"91":0,"92":0,"93":0,"94":0,"95":0,"96":0,"97":0,"98":0,"99":0,"100":0,"101":0,"102":0,"103":0,"104":0,"105":0,"106":0,"107":0,"108":0,"109":0,"110":0,"111":0,"112":0,"113":0,"114":0,"115":0,"116":0,"117":0,"118":0,"119":0,"120":0,"121":0,"122":0,"123":0,"124":0,"125":0,"126":0,"127":0,"128":0,"129":0,"130":0,"131":0,"132":0,"133":0,"134":0,"135":0,"136":0,"137":0,"138":0,"139":0,"140":0,"141":0,"142":0,"143":0,"144":0,"145":0,"146":0,"147":0,"148":0,"149":0,"150":0,"151":0,"152":0,"153":0,"154":0,"155":0,"156":0,"157":0,"158":0,"159":0,"160":0,"161":0,"162":0,"163":0,"164":0,"165":0,"166":0,"167":0,"168":0,"169":0,"170":0,"171":0,"172":0,"173":0,"174":0,"175":0,"176":0,"177":0,"178":0,"179":0,"180":0,"181":0,"182":0,"183":0,"184":0,"185":0,"186":0,"187":0,"188":0,"189":0,"190":0,"191":0,"192":0,"193":0,"194":0,"195":0,"196":0,"197":0,"198":0,"199":0,"200":0,"201":0,"202":0,"203":0,"204":0,"205":0,"206":0,"207":0,"208":0,"209":0,"210":0,"211":0,"212":0,"213":0,"214":0,"215":0,"216":0,"217":0,"218":0,"219":0,"220":0,"221":0,"222":0,"223":0,"224":0,"225":0,"226":0,"227":0,"228":0,"229":0,"230":0,"231":0,"232":0,"233":0,"234":0,"235":0,"236":0,"237":0,"238":0,"239":0,"240":0,"241":0,"242":0,"243":0,"244":0,"245":0,"246":0,"247":0,"248":0,"249":0,"250":0,"251":0,"252":0,"253":0,"254":0,"255":0,"256":0,"257":0,"258":0,"259":0,"260":0,"261":0,"262":0},"f":{"0":0,"1":0,"2":0,"3":0,"4":0,"5":0,"6":0,"7":0,"8":0,"9":0,"10":0,"11":0,"12":0,"13":0,"14":0,"15":0,"16":0,"17":0,"18":0,"19":0,"20":0,"21":0,"22":0,"23":0,"24":0,"25":0,"26":0},"b":{"0":[0,0],"1":[0,0],"2":[0,0],"3":[0,0],"4":[0,0],"5":[0,0],"6":[0,0],"7":[0,0],"8":[0,0],"9":[0,0],"10":[0,0],"11":[0,0],"12":[0,0],"13":[0,0],"14":[0,0],"15":[0,0],"16":[0,0],"17":[0,0],"18":[0,0],"19":[0,0],"20":[0,0],"21":[0,0],"22":[0,0],"23":[0,0],"24":[0,0],"25":[0,0],"26":[0,0],"27":[0,0],"28":[0,0],"29":[0,0,0],"30":[0,0],"31":[0,0],"32":[0,0],"33":[0,0],"34":[0,0],"35":[0,0],"36":[0,0],"37":[0,0],"38":[0,0],"39":[0,0],"40":[0,0],"41":[0,0],"42":[0,0],"43":[0,0,0],"44":[0,0],"45":[0,0],"46":[0,0],"47":[0,0,0],"48":[0,0],"49":[0,0],"50":[0,0],"51":[0,0],"52":[0,0],"53":[0,0],"54":[0,0],"55":[0,0],"56":[0,0],"57":[0,0],"58":[0,0],"59":[0,0],"60":[0,0],"61":[0,0],"62":[0,0],"63":[0,0],"64":[0,0],"65":[0,0],"66":[0,0],"67":[0,0],"68":[0,0],"69":[0,0]}}
}
