TN:
SF:landing-auth.js
FN:14,landingAuthInit
FN:22,cacheElements
FN:39,updateUIForAuthState
FN:57,showAuthenticatedUI
FN:69,showUnauthenticatedUI
FN:74,enableDestinations
FN:78,(anonymous_6)
FN:84,disableDestinations
FN:89,(anonymous_8)
FN:97,handleSignIn
FN:101,(anonymous_10)
FN:109,(anonymous_11)
FN:115,handleSignOut
FN:125,init
FN:148,(anonymous_14)
FN:164,(anonymous_15)
FNF:16
FNH:0
FNDA:0,landingAuthInit
FNDA:0,cacheElements
FNDA:0,updateUIForAuthState
FNDA:0,showAuthenticatedUI
FNDA:0,showUnauthenticatedUI
FNDA:0,enableDestinations
FNDA:0,(anonymous_6)
FNDA:0,disableDestinations
FNDA:0,(anonymous_8)
FNDA:0,handleSignIn
FNDA:0,(anonymous_10)
FNDA:0,(anonymous_11)
FNDA:0,handleSignOut
FNDA:0,init
FNDA:0,(anonymous_14)
FNDA:0,(anonymous_15)
DA:14,0
DA:17,0
DA:18,0
DA:23,0
DA:24,0
DA:25,0
DA:26,0
DA:27,0
DA:28,0
DA:29,0
DA:30,0
DA:31,0
DA:32,0
DA:33,0
DA:34,0
DA:40,0
DA:41,0
DA:42,0
DA:43,0
DA:46,0
DA:48,0
DA:49,0
DA:50,0
DA:52,0
DA:53,0
DA:58,0
DA:59,0
DA:61,0
DA:62,0
DA:63,0
DA:64,0
DA:65,0
DA:70,0
DA:71,0
DA:75,0
DA:76,0
DA:78,0
DA:79,0
DA:80,0
DA:86,0
DA:87,0
DA:89,0
DA:90,0
DA:91,0
DA:98,0
DA:100,0
DA:102,0
DA:103,0
DA:110,0
DA:111,0
DA:116,0
DA:118,0
DA:119,0
DA:120,0
DA:126,0
DA:128,0
DA:129,0
DA:130,0
DA:134,0
DA:137,0
DA:138,0
DA:140,0
DA:141,0
DA:145,0
DA:148,0
DA:149,0
DA:155,0
DA:156,0
DA:158,0
DA:162,0
DA:165,0
LF:71
LH:0
BRDA:40,0,0,0
BRDA:40,0,1,0
BRDA:48,1,0,0
BRDA:48,1,1,0
BRDA:48,2,0,0
BRDA:48,2,1,0
BRDA:58,3,0,0
BRDA:58,3,1,0
BRDA:59,4,0,0
BRDA:59,4,1,0
BRDA:61,5,0,0
BRDA:61,5,1,0
BRDA:61,6,0,0
BRDA:61,6,1,0
BRDA:62,7,0,0
BRDA:62,7,1,0
BRDA:63,8,0,0
BRDA:63,8,1,0
BRDA:63,9,0,0
BRDA:63,9,1,0
BRDA:70,10,0,0
BRDA:70,10,1,0
BRDA:71,11,0,0
BRDA:71,11,1,0
BRDA:75,12,0,0
BRDA:75,12,1,0
BRDA:78,13,0,0
BRDA:78,13,1,0
BRDA:86,14,0,0
BRDA:86,14,1,0
BRDA:89,15,0,0
BRDA:89,15,1,0
BRDA:98,16,0,0
BRDA:98,16,1,0
BRDA:116,17,0,0
BRDA:116,17,1,0
BRDA:128,18,0,0
BRDA:128,18,1,0
BRDA:137,19,0,0
BRDA:137,19,1,0
BRDA:140,20,0,0
BRDA:140,20,1,0
BRDA:155,21,0,0
BRDA:155,21,1,0
BRDA:165,22,0,0
BRDA:165,22,1,0
BRF:46
BRH:0
end_of_record
TN:
SF:specialist-hub-badges.js
FN:14,createSpecialistHubBadgesModule
FN:34,getFpLevel
FN:43,setFpLevel
FN:47,renderFpBadge
FN:59,getToolBadge
FN:68,setToolBadge
FN:73,renderToolBadges
FN:98,getUdlActive
FN:102,setUdlActive
FN:106,renderUdlStrip
FN:109,(anonymous_10)
FNF:11
FNH:0
FNDA:0,createSpecialistHubBadgesModule
FNDA:0,getFpLevel
FNDA:0,setFpLevel
FNDA:0,renderFpBadge
FNDA:0,getToolBadge
FNDA:0,setToolBadge
FNDA:0,renderToolBadges
FNDA:0,getUdlActive
FNDA:0,setUdlActive
FNDA:0,renderUdlStrip
FNDA:0,(anonymous_10)
DA:17,0
DA:18,0
DA:20,0
DA:21,0
DA:22,0
DA:27,0
DA:28,0
DA:35,0
DA:36,0
DA:37,0
DA:38,0
DA:39,0
DA:40,0
DA:44,0
DA:48,0
DA:49,0
DA:50,0
DA:55,0
DA:56,0
DA:57,0
DA:60,0
DA:61,0
DA:62,0
DA:63,0
DA:64,0
DA:65,0
DA:69,0
DA:70,0
DA:74,0
DA:75,0
DA:76,0
DA:77,0
DA:78,0
DA:79,0
DA:80,0
DA:81,0
DA:82,0
DA:87,0
DA:99,0
DA:103,0
DA:107,0
DA:108,0
DA:109,0
DA:110,0
DA:111,0
DA:115,0
DA:116,0
DA:117,0
DA:118,0
DA:123,0
DA:145,0
DA:146,0
LF:52
LH:0
BRDA:20,0,0,0
BRDA:20,0,1,0
BRDA:20,1,0,0
BRDA:20,1,1,0
BRDA:37,2,0,0
BRDA:37,2,1,0
BRDA:37,3,0,0
BRDA:37,3,1,0
BRDA:38,4,0,0
BRDA:38,4,1,0
BRDA:39,5,0,0
BRDA:39,5,1,0
BRDA:44,6,0,0
BRDA:44,6,1,0
BRDA:49,7,0,0
BRDA:49,7,1,0
BRDA:62,8,0,0
BRDA:62,8,1,0
BRDA:62,9,0,0
BRDA:62,9,1,0
BRDA:63,10,0,0
BRDA:63,10,1,0
BRDA:63,11,0,0
BRDA:63,11,1,0
BRDA:63,12,0,0
BRDA:63,12,1,0
BRDA:64,13,0,0
BRDA:64,13,1,0
BRDA:69,14,0,0
BRDA:69,14,1,0
BRDA:78,15,0,0
BRDA:78,15,1,0
BRDA:79,16,0,0
BRDA:79,16,1,0
BRDA:80,17,0,0
BRDA:80,17,1,0
BRDA:99,18,0,0
BRDA:99,18,1,0
BRDA:110,19,0,0
BRDA:110,19,1,0
BRDA:115,20,0,0
BRDA:115,20,1,0
BRDA:145,21,0,0
BRDA:145,21,1,0
BRF:44
BRH:0
end_of_record
TN:
SF:specialist-hub-cost-dashboard.js
FN:15,createSpecialistHubCostDashboardModule
FN:18,updateCostDisplay
FN:46,init
FN:63,(anonymous_3)
FN:69,(anonymous_4)
FNF:5
FNH:0
FNDA:0,createSpecialistHubCostDashboardModule
FNDA:0,updateCostDisplay
FNDA:0,init
FNDA:0,(anonymous_3)
FNDA:0,(anonymous_4)
DA:19,0
DA:21,0
DA:22,0
DA:23,0
DA:24,0
DA:25,0
DA:26,0
DA:27,0
DA:28,0
DA:30,0
DA:31,0
DA:32,0
DA:33,0
DA:34,0
DA:37,0
DA:38,0
DA:39,0
DA:41,0
DA:47,0
DA:48,0
DA:50,0
DA:53,0
DA:59,0
DA:62,0
DA:63,0
DA:64,0
DA:69,0
DA:70,0
DA:74,0
DA:81,0
DA:82,0
LF:31
LH:0
BRDA:19,0,0,0
BRDA:19,0,1,0
BRDA:30,1,0,0
BRDA:30,1,1,0
BRDA:31,2,0,0
BRDA:31,2,1,0
BRDA:32,3,0,0
BRDA:32,3,1,0
BRDA:33,4,0,0
BRDA:33,4,1,0
BRDA:34,5,0,0
BRDA:34,5,1,0
BRDA:37,6,0,0
BRDA:37,6,1,0
BRDA:38,7,0,0
BRDA:38,7,1,0
BRDA:50,8,0,0
BRDA:50,8,1,0
BRDA:50,9,0,0
BRDA:50,9,1,0
BRDA:62,10,0,0
BRDA:62,10,1,0
BRDA:81,11,0,0
BRDA:81,11,1,0
BRF:24
BRH:0
end_of_record
TN:
SF:specialist-hub-curriculum-data.js
FN:18,createCurriculumRegistry
FN:703,(anonymous_1)
FN:706,(anonymous_2)
FN:709,(anonymous_3)
FN:711,(anonymous_4)
FN:719,(anonymous_5)
FN:721,(anonymous_6)
FN:729,(anonymous_7)
FN:730,(anonymous_8)
FNF:9
FNH:0
FNDA:0,createCurriculumRegistry
FNDA:0,(anonymous_1)
FNDA:0,(anonymous_2)
FNDA:0,(anonymous_3)
FNDA:0,(anonymous_4)
FNDA:0,(anonymous_5)
FNDA:0,(anonymous_6)
FNDA:0,(anonymous_7)
FNDA:0,(anonymous_8)
DA:21,0
DA:702,0
DA:704,0
DA:707,0
DA:710,0
DA:711,0
DA:712,0
DA:713,0
DA:714,0
DA:717,0
DA:720,0
DA:721,0
DA:722,0
DA:723,0
DA:724,0
DA:727,0
DA:730,0
DA:731,0
DA:744,0
DA:745,0
DA:746,0
LF:21
LH:0
BRDA:707,0,0,0
BRDA:707,0,1,0
BRDA:713,1,0,0
BRDA:713,1,1,0
BRDA:713,2,0,0
BRDA:713,2,1,0
BRDA:713,2,2,0
BRDA:723,3,0,0
BRDA:723,3,1,0
BRDA:723,4,0,0
BRDA:723,4,1,0
BRDA:723,4,2,0
BRDA:735,5,0,0
BRDA:735,5,1,0
BRDA:736,6,0,0
BRDA:736,6,1,0
BRDA:744,7,0,0
BRDA:744,7,1,0
BRF:18
BRH:0
end_of_record
TN:
SF:specialist-hub-curriculum.js
FN:15,createSpecialistHubCurriculumModule
FN:36,lsNavKey
FN:40,getLessonNavState
FN:46,setLessonNavState
FN:65,ufliGroupForLesson
FN:76,buildFishtankLessonUrl
FN:80,buildIMUrl
FN:86,renderFishtankNav
FN:134,renderISWSNav
FN:184,renderUFLINav
FN:219,renderIMNav
FNF:11
FNH:0
FNDA:0,createSpecialistHubCurriculumModule
FNDA:0,lsNavKey
FNDA:0,getLessonNavState
FNDA:0,setLessonNavState
FNDA:0,ufliGroupForLesson
FNDA:0,buildFishtankLessonUrl
FNDA:0,buildIMUrl
FNDA:0,renderFishtankNav
FNDA:0,renderISWSNav
FNDA:0,renderUFLINav
FNDA:0,renderIMNav
DA:18,0
DA:20,0
DA:21,0
DA:22,0
DA:27,0
DA:28,0
DA:29,0
DA:30,0
DA:31,0
DA:32,0
DA:37,0
DA:41,0
DA:47,0
DA:48,0
DA:54,0
DA:66,0
DA:67,0
DA:68,0
DA:69,0
DA:71,0
DA:77,0
DA:81,0
DA:87,0
DA:88,0
DA:90,0
DA:91,0
DA:92,0
DA:93,0
DA:94,0
DA:95,0
DA:96,0
DA:98,0
DA:99,0
DA:100,0
DA:101,0
DA:103,0
DA:135,0
DA:136,0
DA:138,0
DA:139,0
DA:140,0
DA:141,0
DA:142,0
DA:143,0
DA:144,0
DA:146,0
DA:147,0
DA:148,0
DA:149,0
DA:150,0
DA:153,0
DA:185,0
DA:186,0
DA:187,0
DA:188,0
DA:189,0
DA:190,0
DA:192,0
DA:220,0
DA:221,0
DA:223,0
DA:224,0
DA:225,0
DA:226,0
DA:227,0
DA:228,0
DA:229,0
DA:231,0
DA:232,0
DA:233,0
DA:234,0
DA:236,0
DA:267,0
DA:279,0
DA:280,0
LF:75
LH:0
BRDA:20,0,0,0
BRDA:20,0,1,0
BRDA:27,1,0,0
BRDA:27,1,1,0
BRDA:28,2,0,0
BRDA:28,2,1,0
BRDA:29,3,0,0
BRDA:29,3,1,0
BRDA:41,4,0,0
BRDA:41,4,1,0
BRDA:41,5,0,0
BRDA:41,5,1,0
BRDA:47,6,0,0
BRDA:47,6,1,0
BRDA:47,7,0,0
BRDA:47,7,1,0
BRDA:69,8,0,0
BRDA:69,8,1,0
BRDA:69,9,0,0
BRDA:69,9,1,0
BRDA:88,10,0,0
BRDA:88,10,1,0
BRDA:88,11,0,0
BRDA:88,11,1,0
BRDA:88,11,2,0
BRDA:90,12,0,0
BRDA:90,12,1,0
BRDA:91,13,0,0
BRDA:91,13,1,0
BRDA:93,14,0,0
BRDA:93,14,1,0
BRDA:96,15,0,0
BRDA:96,15,1,0
BRDA:96,16,0,0
BRDA:96,16,1,0
BRDA:109,17,0,0
BRDA:109,17,1,0
BRDA:111,18,0,0
BRDA:111,18,1,0
BRDA:115,19,0,0
BRDA:115,19,1,0
BRDA:122,20,0,0
BRDA:122,20,1,0
BRDA:136,21,0,0
BRDA:136,21,1,0
BRDA:136,22,0,0
BRDA:136,22,1,0
BRDA:136,22,2,0
BRDA:138,23,0,0
BRDA:138,23,1,0
BRDA:139,24,0,0
BRDA:139,24,1,0
BRDA:141,25,0,0
BRDA:141,25,1,0
BRDA:142,26,0,0
BRDA:142,26,1,0
BRDA:143,27,0,0
BRDA:143,27,1,0
BRDA:144,28,0,0
BRDA:144,28,1,0
BRDA:150,29,0,0
BRDA:150,29,1,0
BRDA:150,30,0,0
BRDA:150,30,1,0
BRDA:151,31,0,0
BRDA:151,31,1,0
BRDA:159,32,0,0
BRDA:159,32,1,0
BRDA:161,33,0,0
BRDA:161,33,1,0
BRDA:165,34,0,0
BRDA:165,34,1,0
BRDA:168,35,0,0
BRDA:168,35,1,0
BRDA:172,36,0,0
BRDA:172,36,1,0
BRDA:185,37,0,0
BRDA:185,37,1,0
BRDA:186,38,0,0
BRDA:186,38,1,0
BRDA:202,39,0,0
BRDA:202,39,1,0
BRDA:207,40,0,0
BRDA:207,40,1,0
BRDA:221,41,0,0
BRDA:221,41,1,0
BRDA:221,42,0,0
BRDA:221,42,1,0
BRDA:221,42,2,0
BRDA:223,43,0,0
BRDA:223,43,1,0
BRDA:224,44,0,0
BRDA:224,44,1,0
BRDA:226,45,0,0
BRDA:226,45,1,0
BRDA:229,46,0,0
BRDA:229,46,1,0
BRDA:229,47,0,0
BRDA:229,47,1,0
BRDA:242,48,0,0
BRDA:242,48,1,0
BRDA:244,49,0,0
BRDA:244,49,1,0
BRDA:248,50,0,0
BRDA:248,50,1,0
BRDA:255,51,0,0
BRDA:255,51,1,0
BRDA:279,52,0,0
BRDA:279,52,1,0
BRF:109
BRH:0
end_of_record
TN:
SF:specialist-hub-google-workspace.js
FN:15,createSpecialistHubGoogleWorkspaceModule
FN:26,escHtml
FN:34,openClassroomModal
FN:46,(anonymous_3)
FN:48,(anonymous_4)
FN:52,(anonymous_5)
FN:59,(anonymous_6)
FN:70,(anonymous_7)
FN:71,(anonymous_8)
FN:76,(anonymous_9)
FN:81,(anonymous_10)
FN:88,(anonymous_11)
FN:93,init
FN:110,(anonymous_13)
FN:134,(anonymous_14)
FN:137,(anonymous_15)
FN:147,(anonymous_16)
FN:155,(anonymous_17)
FNF:18
FNH:0
FNDA:0,createSpecialistHubGoogleWorkspaceModule
FNDA:0,escHtml
FNDA:0,openClassroomModal
FNDA:0,(anonymous_3)
FNDA:0,(anonymous_4)
FNDA:0,(anonymous_5)
FNDA:0,(anonymous_6)
FNDA:0,(anonymous_7)
FNDA:0,(anonymous_8)
FNDA:0,(anonymous_9)
FNDA:0,(anonymous_10)
FNDA:0,(anonymous_11)
FNDA:0,init
FNDA:0,(anonymous_13)
FNDA:0,(anonymous_14)
FNDA:0,(anonymous_15)
FNDA:0,(anonymous_16)
FNDA:0,(anonymous_17)
DA:18,0
DA:19,0
DA:21,0
DA:22,0
DA:23,0
DA:27,0
DA:35,0
DA:36,0
DA:37,0
DA:38,0
DA:40,0
DA:41,0
DA:43,0
DA:45,0
DA:46,0
DA:48,0
DA:49,0
DA:52,0
DA:53,0
DA:54,0
DA:55,0
DA:56,0
DA:58,0
DA:59,0
DA:60,0
DA:67,0
DA:70,0
DA:71,0
DA:72,0
DA:73,0
DA:74,0
DA:75,0
DA:76,0
DA:77,0
DA:78,0
DA:80,0
DA:82,0
DA:83,0
DA:84,0
DA:89,0
DA:94,0
DA:95,0
DA:96,0
DA:97,0
DA:98,0
DA:99,0
DA:100,0
DA:101,0
DA:103,0
DA:104,0
DA:106,0
DA:108,0
DA:110,0
DA:111,0
DA:113,0
DA:114,0
DA:115,0
DA:116,0
DA:117,0
DA:118,0
DA:119,0
DA:123,0
DA:124,0
DA:126,0
DA:127,0
DA:133,0
DA:134,0
DA:135,0
DA:136,0
DA:137,0
DA:138,0
DA:139,0
DA:140,0
DA:146,0
DA:147,0
DA:148,0
DA:149,0
DA:154,0
DA:155,0
DA:156,0
DA:161,0
DA:168,0
DA:169,0
LF:83
LH:0
BRDA:21,0,0,0
BRDA:21,0,1,0
BRDA:21,1,0,0
BRDA:21,1,1,0
BRDA:27,2,0,0
BRDA:27,2,1,0
BRDA:40,3,0,0
BRDA:40,3,1,0
BRDA:40,4,0,0
BRDA:40,4,1,0
BRDA:43,5,0,0
BRDA:43,5,1,0
BRDA:45,6,0,0
BRDA:45,6,1,0
BRDA:49,7,0,0
BRDA:49,7,1,0
BRDA:53,8,0,0
BRDA:53,8,1,0
BRDA:54,9,0,0
BRDA:54,9,1,0
BRDA:62,10,0,0
BRDA:62,10,1,0
BRDA:89,11,0,0
BRDA:89,11,1,0
BRDA:106,12,0,0
BRDA:106,12,1,0
BRDA:111,13,0,0
BRDA:111,13,1,0
BRDA:113,14,0,0
BRDA:113,14,1,0
BRDA:114,15,0,0
BRDA:114,15,1,0
BRDA:115,16,0,0
BRDA:115,16,1,0
BRDA:116,17,0,0
BRDA:116,17,1,0
BRDA:116,18,0,0
BRDA:116,18,1,0
BRDA:117,19,0,0
BRDA:117,19,1,0
BRDA:117,20,0,0
BRDA:117,20,1,0
BRDA:119,21,0,0
BRDA:119,21,1,0
BRDA:123,22,0,0
BRDA:123,22,1,0
BRDA:124,23,0,0
BRDA:124,23,1,0
BRDA:126,24,0,0
BRDA:126,24,1,0
BRDA:126,25,0,0
BRDA:126,25,1,0
BRDA:133,26,0,0
BRDA:133,26,1,0
BRDA:146,27,0,0
BRDA:146,27,1,0
BRDA:154,28,0,0
BRDA:154,28,1,0
BRDA:154,29,0,0
BRDA:154,29,1,0
BRDA:168,30,0,0
BRDA:168,30,1,0
BRF:62
BRH:0
end_of_record
TN:
SF:specialist-hub-quick-reference.js
FN:11,createSpecialistHubQuickReferenceModule
FN:15,(anonymous_1)
FN:15,(anonymous_2)
FN:26,renderLessonCard
FN:173,renderPedagogicalCard
FN:239,(anonymous_5)
FN:265,getGradeLevelOptions
FN:272,getCurriculaByTier
FN:279,listAllCurricula
FNF:9
FNH:0
FNDA:0,createSpecialistHubQuickReferenceModule
FNDA:0,(anonymous_1)
FNDA:0,(anonymous_2)
FNDA:0,renderLessonCard
FNDA:0,renderPedagogicalCard
FNDA:0,(anonymous_5)
FNDA:0,getGradeLevelOptions
FNDA:0,getCurriculaByTier
FNDA:0,listAllCurricula
DA:14,0
DA:15,0
DA:17,0
DA:18,0
DA:19,0
DA:27,0
DA:28,0
DA:30,0
DA:31,0
DA:34,0
DA:35,0
DA:36,0
DA:37,0
DA:38,0
DA:39,0
DA:40,0
DA:44,0
DA:45,0
DA:46,0
DA:47,0
DA:48,0
DA:51,0
DA:52,0
DA:53,0
DA:54,0
DA:55,0
DA:56,0
DA:57,0
DA:58,0
DA:63,0
DA:64,0
DA:65,0
DA:66,0
DA:67,0
DA:70,0
DA:71,0
DA:72,0
DA:73,0
DA:74,0
DA:79,0
DA:81,0
DA:82,0
DA:83,0
DA:84,0
DA:85,0
DA:87,0
DA:89,0
DA:90,0
DA:91,0
DA:92,0
DA:93,0
DA:96,0
DA:97,0
DA:98,0
DA:99,0
DA:100,0
DA:101,0
DA:103,0
DA:104,0
DA:107,0
DA:108,0
DA:109,0
DA:110,0
DA:111,0
DA:112,0
DA:114,0
DA:115,0
DA:118,0
DA:119,0
DA:120,0
DA:121,0
DA:122,0
DA:123,0
DA:125,0
DA:126,0
DA:129,0
DA:130,0
DA:131,0
DA:132,0
DA:133,0
DA:134,0
DA:136,0
DA:137,0
DA:140,0
DA:141,0
DA:142,0
DA:143,0
DA:144,0
DA:145,0
DA:146,0
DA:147,0
DA:148,0
DA:150,0
DA:151,0
DA:153,0
DA:154,0
DA:155,0
DA:156,0
DA:157,0
DA:158,0
DA:160,0
DA:161,0
DA:163,0
DA:166,0
DA:167,0
DA:174,0
DA:175,0
DA:176,0
DA:179,0
DA:180,0
DA:182,0
DA:183,0
DA:187,0
DA:188,0
DA:189,0
DA:190,0
DA:191,0
DA:192,0
DA:193,0
DA:194,0
DA:196,0
DA:197,0
DA:198,0
DA:199,0
DA:200,0
DA:201,0
DA:203,0
DA:204,0
DA:206,0
DA:209,0
DA:210,0
DA:211,0
DA:212,0
DA:213,0
DA:214,0
DA:215,0
DA:216,0
DA:217,0
DA:219,0
DA:220,0
DA:222,0
DA:223,0
DA:224,0
DA:225,0
DA:226,0
DA:227,0
DA:229,0
DA:230,0
DA:232,0
DA:236,0
DA:237,0
DA:238,0
DA:239,0
DA:240,0
DA:241,0
DA:242,0
DA:243,0
DA:244,0
DA:246,0
DA:247,0
DA:248,0
DA:249,0
DA:251,0
DA:253,0
DA:255,0
DA:258,0
DA:259,0
DA:266,0
DA:273,0
DA:280,0
DA:283,0
DA:293,0
DA:294,0
LF:173
LH:0
BRDA:15,0,0,0
BRDA:15,0,1,0
BRDA:17,1,0,0
BRDA:17,1,1,0
BRDA:28,2,0,0
BRDA:28,2,1,0
BRDA:34,3,0,0
BRDA:34,3,1,0
BRDA:37,4,0,0
BRDA:37,4,1,0
BRDA:44,5,0,0
BRDA:44,5,1,0
BRDA:46,6,0,0
BRDA:46,6,1,0
BRDA:51,7,0,0
BRDA:51,7,1,0
BRDA:53,8,0,0
BRDA:53,8,1,0
BRDA:55,9,0,0
BRDA:55,9,1,0
BRDA:63,10,0,0
BRDA:63,10,1,0
BRDA:65,11,0,0
BRDA:65,11,1,0
BRDA:70,12,0,0
BRDA:70,12,1,0
BRDA:72,13,0,0
BRDA:72,13,1,0
BRDA:79,14,0,0
BRDA:79,14,1,0
BRDA:84,15,0,0
BRDA:84,15,1,0
BRDA:85,16,0,0
BRDA:85,16,1,0
BRDA:89,17,0,0
BRDA:89,17,1,0
BRDA:96,18,0,0
BRDA:96,18,1,0
BRDA:96,19,0,0
BRDA:96,19,1,0
BRDA:107,20,0,0
BRDA:107,20,1,0
BRDA:107,21,0,0
BRDA:107,21,1,0
BRDA:118,22,0,0
BRDA:118,22,1,0
BRDA:118,23,0,0
BRDA:118,23,1,0
BRDA:129,24,0,0
BRDA:129,24,1,0
BRDA:129,25,0,0
BRDA:129,25,1,0
BRDA:140,26,0,0
BRDA:140,26,1,0
BRDA:143,27,0,0
BRDA:143,27,1,0
BRDA:143,28,0,0
BRDA:143,28,1,0
BRDA:153,29,0,0
BRDA:153,29,1,0
BRDA:153,30,0,0
BRDA:153,30,1,0
BRDA:175,31,0,0
BRDA:175,31,1,0
BRDA:175,32,0,0
BRDA:175,32,1,0
BRDA:182,33,0,0
BRDA:182,33,1,0
BRDA:187,34,0,0
BRDA:187,34,1,0
BRDA:190,35,0,0
BRDA:190,35,1,0
BRDA:196,36,0,0
BRDA:196,36,1,0
BRDA:196,37,0,0
BRDA:196,37,1,0
BRDA:209,38,0,0
BRDA:209,38,1,0
BRDA:212,39,0,0
BRDA:212,39,1,0
BRDA:212,40,0,0
BRDA:212,40,1,0
BRDA:222,41,0,0
BRDA:222,41,1,0
BRDA:222,42,0,0
BRDA:222,42,1,0
BRDA:236,43,0,0
BRDA:236,43,1,0
BRDA:243,44,0,0
BRDA:243,44,1,0
BRDA:246,45,0,0
BRDA:246,45,1,0
BRDA:246,46,0,0
BRDA:246,46,1,0
BRDA:293,47,0,0
BRDA:293,47,1,0
BRF:96
BRH:0
end_of_record
TN:
SF:specialist-hub-search.js
FN:14,createSpecialistHubSearchModule
FN:34,ensureSearchService
FN:48,buildSearchResults
FN:66,(anonymous_3)
FN:72,(anonymous_4)
FN:78,(anonymous_5)
FN:84,(anonymous_6)
FN:107,getLastSearchResults
FN:118,renderSearchInput
FN:136,renderSearchResults
FN:175,defaultResultItemRenderer
FN:188,getFilterOptions
FN:215,renderFilterUI
FN:259,saveSearchState
FN:272,loadSearchState
FN:280,clearSearch
FNF:16
FNH:0
FNDA:0,createSpecialistHubSearchModule
FNDA:0,ensureSearchService
FNDA:0,buildSearchResults
FNDA:0,(anonymous_3)
FNDA:0,(anonymous_4)
FNDA:0,(anonymous_5)
FNDA:0,(anonymous_6)
FNDA:0,getLastSearchResults
FNDA:0,renderSearchInput
FNDA:0,renderSearchResults
FNDA:0,defaultResultItemRenderer
FNDA:0,getFilterOptions
FNDA:0,renderFilterUI
FNDA:0,saveSearchState
FNDA:0,loadSearchState
FNDA:0,clearSearch
DA:17,0
DA:18,0
DA:20,0
DA:21,0
DA:22,0
DA:27,0
DA:28,0
DA:29,0
DA:35,0
DA:37,0
DA:42,0
DA:49,0
DA:50,0
DA:52,0
DA:53,0
DA:55,0
DA:57,0
DA:58,0
DA:61,0
DA:65,0
DA:66,0
DA:67,0
DA:71,0
DA:72,0
DA:73,0
DA:77,0
DA:78,0
DA:79,0
DA:83,0
DA:84,0
DA:85,0
DA:89,0
DA:90,0
DA:92,0
DA:99,0
DA:100,0
DA:108,0
DA:119,0
DA:120,0
DA:121,0
DA:122,0
DA:123,0
DA:124,0
DA:125,0
DA:126,0
DA:127,0
DA:128,0
DA:129,0
DA:130,0
DA:137,0
DA:138,0
DA:139,0
DA:140,0
DA:142,0
DA:144,0
DA:145,0
DA:146,0
DA:147,0
DA:150,0
DA:151,0
DA:153,0
DA:154,0
DA:155,0
DA:156,0
DA:157,0
DA:159,0
DA:161,0
DA:162,0
DA:163,0
DA:164,0
DA:168,0
DA:169,0
DA:176,0
DA:177,0
DA:178,0
DA:179,0
DA:181,0
DA:182,0
DA:189,0
DA:216,0
DA:217,0
DA:220,0
DA:221,0
DA:222,0
DA:223,0
DA:224,0
DA:225,0
DA:227,0
DA:228,0
DA:231,0
DA:232,0
DA:233,0
DA:234,0
DA:235,0
DA:236,0
DA:238,0
DA:239,0
DA:242,0
DA:243,0
DA:244,0
DA:245,0
DA:246,0
DA:247,0
DA:249,0
DA:250,0
DA:252,0
DA:253,0
DA:260,0
DA:261,0
DA:273,0
DA:274,0
DA:281,0
DA:282,0
DA:283,0
DA:284,0
DA:290,0
DA:312,0
DA:313,0
LF:118
LH:0
BRDA:20,0,0,0
BRDA:20,0,1,0
BRDA:35,1,0,0
BRDA:35,1,1,0
BRDA:38,2,0,0
BRDA:38,2,1,0
BRDA:50,3,0,0
BRDA:50,3,1,0
BRDA:52,4,0,0
BRDA:52,4,1,0
BRDA:57,5,0,0
BRDA:57,5,1,0
BRDA:57,6,0,0
BRDA:57,6,1,0
BRDA:58,7,0,0
BRDA:58,7,1,0
BRDA:61,8,0,0
BRDA:61,8,1,0
BRDA:65,9,0,0
BRDA:65,9,1,0
BRDA:67,10,0,0
BRDA:67,10,1,0
BRDA:71,11,0,0
BRDA:71,11,1,0
BRDA:73,12,0,0
BRDA:73,12,1,0
BRDA:77,13,0,0
BRDA:77,13,1,0
BRDA:79,14,0,0
BRDA:79,14,1,0
BRDA:83,15,0,0
BRDA:83,15,1,0
BRDA:85,16,0,0
BRDA:85,16,1,0
BRDA:119,17,0,0
BRDA:119,17,1,0
BRDA:137,18,0,0
BRDA:137,18,1,0
BRDA:139,19,0,0
BRDA:139,19,1,0
BRDA:140,20,0,0
BRDA:140,20,1,0
BRDA:144,21,0,0
BRDA:144,21,1,0
BRDA:146,22,0,0
BRDA:146,22,1,0
BRDA:150,23,0,0
BRDA:150,23,1,0
BRDA:155,24,0,0
BRDA:155,24,1,0
BRDA:161,25,0,0
BRDA:161,25,1,0
BRDA:177,26,0,0
BRDA:177,26,1,0
BRDA:177,26,2,0
BRDA:178,27,0,0
BRDA:178,27,1,0
BRDA:179,28,0,0
BRDA:179,28,1,0
BRDA:216,29,0,0
BRDA:216,29,1,0
BRDA:260,30,0,0
BRDA:260,30,1,0
BRDA:264,31,0,0
BRDA:264,31,1,0
BRDA:273,32,0,0
BRDA:273,32,1,0
BRDA:283,33,0,0
BRDA:283,33,1,0
BRDA:312,34,0,0
BRDA:312,34,1,0
BRF:71
BRH:0
end_of_record
TN:
SF:specialist-hub-storage.js
FN:15,createSpecialistHubStorageModule
FN:28,blockMemoryKey
FN:32,readBlockMemory
FN:36,writeBlockMemory
FN:40,recordBlockOpen
FN:51,blockOpenMemory
FN:58,recommendationVerdictKey
FN:62,readRecommendationVerdict
FN:66,writeRecommendationVerdict
FN:72,recommendationOutcomeKey
FN:76,readRecommendationOutcome
FN:80,writeRecommendationOutcome
FN:86,recommendationHistoryKey
FN:90,readRecommendationHistory
FN:94,writeRecommendationHistory
FN:101,saveRecommendationHistoryPoint
FN:104,(anonymous_16)
FN:107,(anonymous_17)
FN:121,summarizeRecommendationHistory
FN:125,(anonymous_19)
FN:126,(anonymous_20)
FN:139,latestRecommendationHistory
FNF:22
FNH:0
FNDA:0,createSpecialistHubStorageModule
FNDA:0,blockMemoryKey
FNDA:0,readBlockMemory
FNDA:0,writeBlockMemory
FNDA:0,recordBlockOpen
FNDA:0,blockOpenMemory
FNDA:0,recommendationVerdictKey
FNDA:0,readRecommendationVerdict
FNDA:0,writeRecommendationVerdict
FNDA:0,recommendationOutcomeKey
FNDA:0,readRecommendationOutcome
FNDA:0,writeRecommendationOutcome
FNDA:0,recommendationHistoryKey
FNDA:0,readRecommendationHistory
FNDA:0,writeRecommendationHistory
FNDA:0,saveRecommendationHistoryPoint
FNDA:0,(anonymous_16)
FNDA:0,(anonymous_17)
FNDA:0,summarizeRecommendationHistory
FNDA:0,(anonymous_19)
FNDA:0,(anonymous_20)
FNDA:0,latestRecommendationHistory
DA:18,0
DA:19,0
DA:21,0
DA:22,0
DA:23,0
DA:29,0
DA:33,0
DA:37,0
DA:41,0
DA:42,0
DA:43,0
DA:44,0
DA:48,0
DA:52,0
DA:53,0
DA:59,0
DA:63,0
DA:67,0
DA:73,0
DA:77,0
DA:81,0
DA:87,0
DA:91,0
DA:95,0
DA:102,0
DA:103,0
DA:104,0
DA:105,0
DA:107,0
DA:108,0
DA:111,0
DA:118,0
DA:122,0
DA:123,0
DA:125,0
DA:126,0
DA:127,0
DA:128,0
DA:129,0
DA:130,0
DA:131,0
DA:132,0
DA:136,0
DA:140,0
DA:145,0
DA:168,0
DA:169,0
LF:47
LH:0
BRDA:21,0,0,0
BRDA:21,0,1,0
BRDA:21,1,0,0
BRDA:21,1,1,0
BRDA:33,2,0,0
BRDA:33,2,1,0
BRDA:37,3,0,0
BRDA:37,3,1,0
BRDA:41,4,0,0
BRDA:41,4,1,0
BRDA:43,5,0,0
BRDA:43,5,1,0
BRDA:45,6,0,0
BRDA:45,6,1,0
BRDA:53,7,0,0
BRDA:53,7,1,0
BRDA:53,8,0,0
BRDA:53,8,1,0
BRDA:67,9,0,0
BRDA:67,9,1,0
BRDA:81,10,0,0
BRDA:81,10,1,0
BRDA:91,11,0,0
BRDA:91,11,1,0
BRDA:97,12,0,0
BRDA:97,12,1,0
BRDA:102,13,0,0
BRDA:102,13,1,0
BRDA:105,14,0,0
BRDA:105,14,1,0
BRDA:107,15,0,0
BRDA:107,15,1,0
BRDA:108,16,0,0
BRDA:108,16,1,0
BRDA:113,17,0,0
BRDA:113,17,1,0
BRDA:113,18,0,0
BRDA:113,18,1,0
BRDA:114,19,0,0
BRDA:114,19,1,0
BRDA:114,20,0,0
BRDA:114,20,1,0
BRDA:122,21,0,0
BRDA:122,21,1,0
BRDA:127,22,0,0
BRDA:127,22,1,0
BRDA:129,23,0,0
BRDA:129,23,1,0
BRDA:130,24,0,0
BRDA:130,24,1,0
BRDA:131,25,0,0
BRDA:131,25,1,0
BRDA:132,26,0,0
BRDA:132,26,1,0
BRDA:140,27,0,0
BRDA:140,27,1,0
BRDA:168,28,0,0
BRDA:168,28,1,0
BRF:58
BRH:0
end_of_record
TN:
SF:specialist-hub-ui.js
FN:15,createSpecialistHubUIModule
FN:18,(anonymous_1)
FN:18,(anonymous_2)
FN:36,renderCaseloadList
FN:68,renderStudentCard
FN:105,renderStudentProfile
FN:138,renderDomainProgressBar
FN:160,renderStudentDomainProgress
FN:164,(anonymous_8)
FN:176,renderStudentReport
FN:233,renderTierDistribution
FN:235,(anonymous_11)
FN:245,(anonymous_12)
FN:264,renderCaseloadDomainSummary
FN:267,(anonymous_14)
FN:272,(anonymous_15)
FN:273,(anonymous_16)
FN:279,(anonymous_17)
FN:287,(anonymous_18)
FN:298,renderInterventionSummary
FN:301,(anonymous_20)
FN:302,(anonymous_21)
FN:312,(anonymous_22)
FN:322,(anonymous_23)
FN:341,renderCollectiveReportsDashboard
FN:360,renderLessonBrief
FN:420,renderBlockRoster
FNF:27
FNH:0
FNDA:0,createSpecialistHubUIModule
FNDA:0,(anonymous_1)
FNDA:0,(anonymous_2)
FNDA:0,renderCaseloadList
FNDA:0,renderStudentCard
FNDA:0,renderStudentProfile
FNDA:0,renderDomainProgressBar
FNDA:0,renderStudentDomainProgress
FNDA:0,(anonymous_8)
FNDA:0,renderStudentReport
FNDA:0,renderTierDistribution
FNDA:0,(anonymous_11)
FNDA:0,(anonymous_12)
FNDA:0,renderCaseloadDomainSummary
FNDA:0,(anonymous_14)
FNDA:0,(anonymous_15)
FNDA:0,(anonymous_16)
FNDA:0,(anonymous_17)
FNDA:0,(anonymous_18)
FNDA:0,renderInterventionSummary
FNDA:0,(anonymous_20)
FNDA:0,(anonymous_21)
FNDA:0,(anonymous_22)
FNDA:0,(anonymous_23)
FNDA:0,renderCollectiveReportsDashboard
FNDA:0,renderLessonBrief
FNDA:0,renderBlockRoster
DA:18,0
DA:22,0
DA:37,0
DA:38,0
DA:39,0
DA:40,0
DA:42,0
DA:44,0
DA:45,0
DA:46,0
DA:47,0
DA:50,0
DA:51,0
DA:53,0
DA:54,0
DA:55,0
DA:56,0
DA:57,0
DA:60,0
DA:61,0
DA:62,0
DA:69,0
DA:70,0
DA:71,0
DA:72,0
DA:74,0
DA:76,0
DA:77,0
DA:78,0
DA:79,0
DA:81,0
DA:83,0
DA:84,0
DA:85,0
DA:86,0
DA:88,0
DA:89,0
DA:91,0
DA:94,0
DA:95,0
DA:98,0
DA:99,0
DA:106,0
DA:108,0
DA:109,0
DA:110,0
DA:112,0
DA:113,0
DA:114,0
DA:115,0
DA:116,0
DA:117,0
DA:118,0
DA:119,0
DA:120,0
DA:122,0
DA:123,0
DA:124,0
DA:125,0
DA:126,0
DA:129,0
DA:130,0
DA:139,0
DA:140,0
DA:141,0
DA:143,0
DA:144,0
DA:145,0
DA:146,0
DA:147,0
DA:148,0
DA:149,0
DA:150,0
DA:151,0
DA:152,0
DA:153,0
DA:154,0
DA:161,0
DA:162,0
DA:164,0
DA:165,0
DA:166,0
DA:169,0
DA:170,0
DA:177,0
DA:179,0
DA:180,0
DA:181,0
DA:182,0
DA:184,0
DA:185,0
DA:186,0
DA:188,0
DA:189,0
DA:190,0
DA:191,0
DA:192,0
DA:193,0
DA:194,0
DA:195,0
DA:196,0
DA:197,0
DA:199,0
DA:201,0
DA:202,0
DA:205,0
DA:206,0
DA:207,0
DA:208,0
DA:209,0
DA:210,0
DA:211,0
DA:212,0
DA:213,0
DA:214,0
DA:215,0
DA:216,0
DA:217,0
DA:218,0
DA:220,0
DA:221,0
DA:224,0
DA:225,0
DA:234,0
DA:235,0
DA:236,0
DA:237,0
DA:241,0
DA:242,0
DA:243,0
DA:245,0
DA:246,0
DA:247,0
DA:248,0
DA:249,0
DA:250,0
DA:251,0
DA:252,0
DA:253,0
DA:254,0
DA:257,0
DA:258,0
DA:265,0
DA:267,0
DA:268,0
DA:271,0
DA:272,0
DA:273,0
DA:274,0
DA:275,0
DA:279,0
DA:280,0
DA:284,0
DA:285,0
DA:287,0
DA:288,0
DA:291,0
DA:292,0
DA:299,0
DA:301,0
DA:302,0
DA:303,0
DA:304,0
DA:306,0
DA:307,0
DA:308,0
DA:312,0
DA:313,0
DA:314,0
DA:318,0
DA:319,0
DA:320,0
DA:322,0
DA:323,0
DA:324,0
DA:325,0
DA:326,0
DA:327,0
DA:328,0
DA:329,0
DA:330,0
DA:333,0
DA:334,0
DA:335,0
DA:342,0
DA:343,0
DA:345,0
DA:346,0
DA:347,0
DA:348,0
DA:349,0
DA:351,0
DA:352,0
DA:361,0
DA:362,0
DA:364,0
DA:365,0
DA:366,0
DA:367,0
DA:368,0
DA:370,0
DA:373,0
DA:374,0
DA:375,0
DA:376,0
DA:377,0
DA:380,0
DA:381,0
DA:382,0
DA:383,0
DA:384,0
DA:385,0
DA:387,0
DA:388,0
DA:391,0
DA:392,0
DA:393,0
DA:394,0
DA:395,0
DA:396,0
DA:398,0
DA:399,0
DA:402,0
DA:403,0
DA:404,0
DA:405,0
DA:406,0
DA:407,0
DA:409,0
DA:410,0
DA:413,0
DA:414,0
DA:421,0
DA:423,0
DA:424,0
DA:425,0
DA:426,0
DA:427,0
DA:429,0
DA:432,0
DA:434,0
DA:435,0
DA:437,0
DA:438,0
DA:439,0
DA:440,0
DA:441,0
DA:443,0
DA:446,0
DA:447,0
DA:452,0
DA:479,0
DA:480,0
LF:253
LH:0
BRDA:18,0,0,0
BRDA:18,0,1,0
BRDA:37,1,0,0
BRDA:37,1,1,0
BRDA:40,2,0,0
BRDA:40,2,1,0
BRDA:44,3,0,0
BRDA:44,3,1,0
BRDA:44,4,0,0
BRDA:44,4,1,0
BRDA:50,5,0,0
BRDA:50,5,1,0
BRDA:55,6,0,0
BRDA:55,6,1,0
BRDA:69,7,0,0
BRDA:69,7,1,0
BRDA:74,8,0,0
BRDA:74,8,1,0
BRDA:77,9,0,0
BRDA:77,9,1,0
BRDA:78,10,0,0
BRDA:78,10,1,0
BRDA:78,11,0,0
BRDA:78,11,1,0
BRDA:83,12,0,0
BRDA:83,12,1,0
BRDA:85,13,0,0
BRDA:85,13,1,0
BRDA:85,14,0,0
BRDA:85,14,1,0
BRDA:88,15,0,0
BRDA:88,15,1,0
BRDA:88,16,0,0
BRDA:88,16,1,0
BRDA:94,17,0,0
BRDA:94,17,1,0
BRDA:94,18,0,0
BRDA:94,18,1,0
BRDA:95,19,0,0
BRDA:95,19,1,0
BRDA:109,20,0,0
BRDA:109,20,1,0
BRDA:115,21,0,0
BRDA:115,21,1,0
BRDA:116,22,0,0
BRDA:116,22,1,0
BRDA:117,23,0,0
BRDA:117,23,1,0
BRDA:118,24,0,0
BRDA:118,24,1,0
BRDA:122,25,0,0
BRDA:122,25,1,0
BRDA:139,26,0,0
BRDA:139,26,1,0
BRDA:141,27,0,0
BRDA:141,27,1,0
BRDA:143,28,0,0
BRDA:143,28,1,0
BRDA:165,29,0,0
BRDA:165,29,1,0
BRDA:165,29,2,0
BRDA:188,30,0,0
BRDA:188,30,1,0
BRDA:188,31,0,0
BRDA:188,31,1,0
BRDA:196,32,0,0
BRDA:196,32,1,0
BRDA:205,33,0,0
BRDA:205,33,1,0
BRDA:205,34,0,0
BRDA:205,34,1,0
BRDA:211,35,0,0
BRDA:211,35,1,0
BRDA:235,36,0,0
BRDA:235,36,1,0
BRDA:236,37,0,0
BRDA:236,37,1,0
BRDA:236,38,0,0
BRDA:236,38,1,0
BRDA:241,39,0,0
BRDA:241,39,1,0
BRDA:247,40,0,0
BRDA:247,40,1,0
BRDA:271,41,0,0
BRDA:271,41,1,0
BRDA:271,42,0,0
BRDA:271,42,1,0
BRDA:274,43,0,0
BRDA:274,43,1,0
BRDA:274,43,2,0
BRDA:301,44,0,0
BRDA:301,44,1,0
BRDA:302,45,0,0
BRDA:302,45,1,0
BRDA:303,46,0,0
BRDA:303,46,1,0
BRDA:307,47,0,0
BRDA:307,47,1,0
BRDA:307,47,2,0
BRDA:313,48,0,0
BRDA:313,48,1,0
BRDA:327,49,0,0
BRDA:327,49,1,0
BRDA:361,50,0,0
BRDA:361,50,1,0
BRDA:364,51,0,0
BRDA:364,51,1,0
BRDA:367,52,0,0
BRDA:367,52,1,0
BRDA:373,53,0,0
BRDA:373,53,1,0
BRDA:380,54,0,0
BRDA:380,54,1,0
BRDA:380,55,0,0
BRDA:380,55,1,0
BRDA:391,56,0,0
BRDA:391,56,1,0
BRDA:391,57,0,0
BRDA:391,57,1,0
BRDA:402,58,0,0
BRDA:402,58,1,0
BRDA:402,59,0,0
BRDA:402,59,1,0
BRDA:423,60,0,0
BRDA:423,60,1,0
BRDA:425,61,0,0
BRDA:425,61,1,0
BRDA:426,62,0,0
BRDA:426,62,1,0
BRDA:432,63,0,0
BRDA:432,63,1,0
BRDA:432,64,0,0
BRDA:432,64,1,0
BRDA:432,65,0,0
BRDA:432,65,1,0
BRDA:434,66,0,0
BRDA:434,66,1,0
BRDA:434,67,0,0
BRDA:434,67,1,0
BRDA:439,68,0,0
BRDA:439,68,1,0
BRDA:479,69,0,0
BRDA:479,69,1,0
BRF:143
BRH:0
end_of_record
